This is pdfTeX, Version 3.14159265-2.6-1.40.17 (TeX Live 2016/Debian) (preloaded format=pdflatex 2017.4.23)  10 JUN 2017 21:23
entering extended mode
 restricted \write18 enabled.
 %&-line parsing enabled.
**report.tex
(./report.tex
LaTeX2e <2016/03/31> patch level 3
Babel <3.9r> and hyphenation patterns for 83 language(s) loaded.
(./config.tex (/usr/share/texmf/tex/latex/eskdx/eskdtext.cls
Document Class: eskdtext 2010/01/14 v0.98 Textual Documentation
(/usr/share/texlive/texmf-dist/tex/latex/extsizes/extarticle.cls
Document Class: extarticle 1996/10/08 v1.0 Non Standard LaTeX document class
(/usr/share/texlive/texmf-dist/tex/latex/extsizes/size14.clo
File: size14.clo 1999/11/11 v1.4a NON-Standard LaTeX file (size option)
)
(/usr/share/texlive/texmf-dist/tex/latex/base/exscale.sty
Package: exscale 2014/09/29 v2.1h Standard LaTeX package exscale
LaTeX Font Info:    Redeclaring symbol font `largesymbols' on input line 57.
LaTeX Font Info:    Overwriting symbol font `largesymbols' in version `normal'
(Font)                  OMX/cmex/m/n --> OMX/cmex/m/n on input line 57.
LaTeX Font Info:    Overwriting symbol font `largesymbols' in version `bold'
(Font)                  OMX/cmex/m/n --> OMX/cmex/m/n on input line 57.
\big@size=\dimen102
)
\c@part=\count79
\c@section=\count80
\c@subsection=\count81
\c@subsubsection=\count82
\c@paragraph=\count83
\c@subparagraph=\count84
\c@figure=\count85
\c@table=\count86
\abovecaptionskip=\skip41
\belowcaptionskip=\skip42
\bibindent=\dimen103
)
(/usr/share/texmf/tex/latex/eskdx/eskdlang.sty
Package: eskdlang 2010/01/14 v0.98 Language

(/usr/share/texlive/texmf-dist/tex/generic/babel/babel.sty
Package: babel 2016/04/23 3.9r The Babel package

(/usr/share/texlive/texmf-dist/tex/generic/babel-russian/russianb.ldf
Language: russianb 2016/02/18 1.3h Russian support for the Babel system

(/usr/share/texlive/texmf-dist/tex/generic/babel/babel.def
File: babel.def 2016/04/23 3.9r Babel common definitions
\babel@savecnt=\count87
\U@D=\dimen104
)

Package babel Warning: No Cyrillic font encoding has been loaded so far.
(babel)                A font encoding should be declared before babel.
(babel)                Default `T2A' encoding will be loaded  on input line 69.


(/usr/share/texlive/texmf-dist/tex/latex/cyrillic/t2aenc.def
File: t2aenc.def 2005/09/27 v1.0i Cyrillic encoding definition file
)

Package babel Warning: No input encoding specified for Russian language on inpu
t line 110.

Package babel Info: Making " an active character on input line 111.
)) (/usr/share/texmf/tex/latex/eskdx/eskdrussian.def
File: eskdrussian.def 2010/01/17 v0.98 Language File
\ESKDexplanWidth=\skip43
))
(/usr/share/texmf/tex/latex/eskdx/eskdstamp.sty
Package: eskdstamp 2011/05/06 v0.98 Stamp GOST 2.104-68

(/usr/share/texlive/texmf-dist/tex/latex/tools/calc.sty
Package: calc 2014/10/28 v4.3 Infix arithmetic (KKT,FJ)
\calc@Acount=\count88
\calc@Bcount=\count89
\calc@Adimen=\dimen105
\calc@Bdimen=\dimen106
\calc@Askip=\skip44
\calc@Bskip=\skip45
LaTeX Info: Redefining \setlength on input line 80.
LaTeX Info: Redefining \addtolength on input line 81.
\calc@Ccount=\count90
\calc@Cskip=\skip46
)
\ESKD@margin@si=\skip47
\ESKD@margin@so=\skip48
\ESKD@margin@t=\skip49
\ESKD@margin@b=\skip50
\ESKDlineThick=\skip51
\ESKDlineThin=\skip52
\ESKD@padding@h=\skip53
\ESKD@padding@v=\skip54

(/usr/share/texlive/texmf-dist/tex/latex/graphics/keyval.sty
Package: keyval 2014/10/28 v1.15 key=value parser (DPC)
\KV@toks@=\toks14
)
(/usr/share/texlive/texmf-dist/tex/latex/geometry/geometry.sty
Package: geometry 2010/09/12 v5.6 Page Geometry

(/usr/share/texlive/texmf-dist/tex/generic/oberdiek/ifpdf.sty
Package: ifpdf 2016/05/14 v3.1 Provides the ifpdf switch
)
(/usr/share/texlive/texmf-dist/tex/generic/oberdiek/ifvtex.sty
Package: ifvtex 2016/05/16 v1.6 Detect VTeX and its facilities (HO)
Package ifvtex Info: VTeX not detected.
)
(/usr/share/texlive/texmf-dist/tex/generic/ifxetex/ifxetex.sty
Package: ifxetex 2010/09/12 v0.6 Provides ifxetex conditional
)
\Gm@cnth=\count91
\Gm@cntv=\count92
\c@Gm@tempcnt=\count93
\Gm@bindingoffset=\dimen107
\Gm@wd@mp=\dimen108
\Gm@odd@mp=\dimen109
\Gm@even@mp=\dimen110
\Gm@layoutwidth=\dimen111
\Gm@layoutheight=\dimen112
\Gm@layouthoffset=\dimen113
\Gm@layoutvoffset=\dimen114
\Gm@dimlist=\toks15
)
(/usr/share/texlive/texmf-dist/tex/latex/lastpage/lastpage.sty
Package: lastpage 2015/03/29 v1.2m Refers to last page's name (HMM; JPG)
)
\ESKD@tmpdima=\skip55
\ESKD@tmpdimb=\skip56
\ESKD@tmpdimc=\skip57
\ESKD@tmpcnta=\count94
\ESKD@tmpcntb=\count95
\ESKD@zonelabel@hc=\count96
\ESKD@zonelabel@vc=\count97
\ESKD@zonelabel@hs=\skip58
\ESKD@zonelabel@vs=\skip59
\ESKD@zonelabel@cnt=\count98
\ESKD@origin@x=\skip60
\ESKD@origin@y=\skip61
\ESKDframeX=\skip62
\ESKDframeY=\skip63
\ESKDframeW=\skip64
\ESKDframeH=\skip65
\ESKDstampX=\skip66
\ESKDstampY=\skip67

(/usr/share/texmf/tex/latex/eskdx/eskdfont.sty
Package: eskdfont 2010/01/14 v0.98 Font Definitions
)
(/usr/share/texlive/texmf-dist/tex/latex/graphics/rotating.sty
Package: rotating 2016/05/22 v2.16c rotated objects in LaTeX

(/usr/share/texlive/texmf-dist/tex/latex/graphics/graphicx.sty
Package: graphicx 2014/10/28 v1.0g Enhanced LaTeX Graphics (DPC,SPQR)

(/usr/share/texlive/texmf-dist/tex/latex/graphics/graphics.sty
Package: graphics 2016/07/10 v1.0t Standard LaTeX Graphics (DPC,SPQR)

(/usr/share/texlive/texmf-dist/tex/latex/graphics/trig.sty
Package: trig 2016/01/03 v1.10 sin cos tan (DPC)
)
(/usr/share/texlive/texmf-dist/tex/latex/graphics-cfg/graphics.cfg
File: graphics.cfg 2016/06/04 v1.11 sample graphics configuration
)
Package graphics Info: Driver file: pdftex.def on input line 99.

(/usr/share/texlive/texmf-dist/tex/latex/graphics-def/pdftex.def
File: pdftex.def 2016/07/10 v0.06j Graphics/color for pdfTeX

(/usr/share/texlive/texmf-dist/tex/generic/oberdiek/infwarerr.sty
Package: infwarerr 2016/05/16 v1.4 Providing info/warning/error messages (HO)
)
(/usr/share/texlive/texmf-dist/tex/generic/oberdiek/ltxcmds.sty
Package: ltxcmds 2016/05/16 v1.23 LaTeX kernel commands for general use (HO)
)
\Gread@gobject=\count99
))
\Gin@req@height=\dimen115
\Gin@req@width=\dimen116
)
(/usr/share/texlive/texmf-dist/tex/latex/base/ifthen.sty
Package: ifthen 2014/09/29 v1.1c Standard LaTeX ifthen package (DPC)
)
\c@r@tfl@t=\count100
\rotFPtop=\skip68
\rotFPbot=\skip69
\rot@float@box=\box26
\rot@mess@toks=\toks16
)
\ESKD@frame@box=\box27
\ESKD@stamp@i@box=\box28
\ESKD@stamp@ii@box=\box29
\ESKD@stamp@ii@a@box=\box30
\ESKD@stamp@ii@b@box=\box31

(/usr/share/texmf/tex/latex/eskdx/eskdhash.sty
Package: eskdhash 2010/01/14 v0.98 Hash Routines
)
\ESKD@hash@c@@style@draw@empty=\count101
\ESKD@hash@p@@style@draw@empty=\count102
\ESKD@hash@c@@style@draw@title=\count103
\ESKD@hash@p@@style@draw@title=\count104
\ESKD@hash@c@@style@draw@formI=\count105
\ESKD@hash@p@@style@draw@formI=\count106
\ESKD@hash@c@@style@draw@formII=\count107
\ESKD@hash@p@@style@draw@formII=\count108
\ESKD@hash@c@@style@draw@formIIab=\count109
\ESKD@hash@p@@style@draw@formIIab=\count110
\ESKD@curpad@h=\skip70
\ESKD@curpad@v=\skip71

(/usr/share/texlive/texmf-dist/tex/latex/ms/everyshi.sty
Package: everyshi 2001/05/15 v3.00 EveryShipout Package (MS)
)
(/usr/share/texlive/texmf-dist/tex/latex/changepage/chngpage.sty
Package: chngpage 2009/10/20 v1.2b change page layout
\c@cp@cnt=\count111
\c@cp@tempcnt=\count112
)
(/usr/share/texmf/tex/latex/eskdx/eskdinfo.sty
Package: eskdinfo 2010/01/14 v0.98 Document Information

(/usr/share/texmf/tex/latex/eskdx/eskdafterpkg.sty
Package: eskdafterpkg 2010/01/14 v0.98 Apply Commands After Package
)
After Package Info: Collect commands for hyperref on input line 99
))
(/usr/share/texmf/tex/latex/eskdx/eskdindent.sty
Package: eskdindent 2010/01/14 v0.98 Paragraph Indent

(/usr/share/texlive/texmf-dist/tex/latex/tools/indentfirst.sty
Package: indentfirst 1995/11/23 v1.03 Indent first paragraph (DPC)
))
(/usr/share/texmf/tex/latex/eskdx/eskdlist.sty
Package: eskdlist 2010/01/14 v0.98 List
)
(/usr/share/texmf/tex/latex/eskdx/eskdsect.sty
Package: eskdsect 2010/01/14 v0.98 Sectioning
\ESKDsectionSkipBefore=\skip72
\ESKDsectionSkipAfter=\skip73
\ESKDsubsectionSkipBefore=\skip74
\ESKDsubsectionSkipAfter=\skip75
\ESKDsubsubsectionSkipBefore=\skip76
\ESKDsubsubsectionSkipAfter=\skip77
\c@point=\count113
\c@subpoint=\count114
\c@subsubpoint=\count115
\c@appendix=\count116
\ESKDappendixSkip=\skip78
)
(/usr/share/texmf/tex/latex/eskdx/eskdcap.sty
Package: eskdcap 2010/01/14 v0.98 Captions

(/usr/share/texlive/texmf-dist/tex/latex/caption/caption.sty
Package: caption 2016/02/21 v3.3-144 Customizing captions (AR)

(/usr/share/texlive/texmf-dist/tex/latex/caption/caption3.sty
Package: caption3 2016/05/22 v1.7-166 caption3 kernel (AR)
Package caption3 Info: TeX engine: e-TeX on input line 67.
\captionmargin=\dimen117
\captionmargin@=\dimen118
\captionwidth=\dimen119
\caption@tempdima=\dimen120
\caption@indent=\dimen121
\caption@parindent=\dimen122
\caption@hangindent=\dimen123
)
\c@ContinuedFloat=\count117
Package caption Info: rotating package is loaded.
))
(/usr/share/texmf/tex/latex/eskdx/eskdfootnote.sty
Package: eskdfootnote 2010/01/14 v0.98 Footnote Settings

(/usr/share/texlive/texmf-dist/tex/latex/amsmath/amsmath.sty
Package: amsmath 2016/06/28 v2.15d AMS math features
\@mathmargin=\skip79

For additional information on amsmath, use the `?' option.
(/usr/share/texlive/texmf-dist/tex/latex/amsmath/amstext.sty
Package: amstext 2000/06/29 v2.01 AMS text

(/usr/share/texlive/texmf-dist/tex/latex/amsmath/amsgen.sty
File: amsgen.sty 1999/11/30 v2.0 generic functions
\@emptytoks=\toks17
\ex@=\dimen124
))
(/usr/share/texlive/texmf-dist/tex/latex/amsmath/amsbsy.sty
Package: amsbsy 1999/11/29 v1.2d Bold Symbols
\pmbraise@=\dimen125
)
(/usr/share/texlive/texmf-dist/tex/latex/amsmath/amsopn.sty
Package: amsopn 2016/03/08 v2.02 operator names
)
\inf@bad=\count118
LaTeX Info: Redefining \frac on input line 199.
\uproot@=\count119
\leftroot@=\count120
LaTeX Info: Redefining \overline on input line 297.
\classnum@=\count121
\DOTSCASE@=\count122
LaTeX Info: Redefining \ldots on input line 394.
LaTeX Info: Redefining \dots on input line 397.
LaTeX Info: Redefining \cdots on input line 518.
\Mathstrutbox@=\box32
\strutbox@=\box33
\big@size=\dimen126
LaTeX Font Info:    Redeclaring font encoding OML on input line 634.
LaTeX Font Info:    Redeclaring font encoding OMS on input line 635.
\macc@depth=\count123
\c@MaxMatrixCols=\count124
\dotsspace@=\muskip10
\c@parentequation=\count125
\dspbrk@lvl=\count126
\tag@help=\toks18
\row@=\count127
\column@=\count128
\maxfields@=\count129
\andhelp@=\toks19
\eqnshift@=\dimen127
\alignsep@=\dimen128
\tagshift@=\dimen129
\tagwidth@=\dimen130
\totwidth@=\dimen131
\lineht@=\dimen132
\@envbody=\toks20
\multlinegap=\skip80
\multlinetaggap=\skip81
\mathdisplay@stack=\toks21
LaTeX Info: Redefining \[ on input line 2739.
LaTeX Info: Redefining \] on input line 2740.
)
(/usr/share/texlive/texmf-dist/tex/latex/oberdiek/zref-perpage.sty
Package: zref-perpage 2016/05/21 v2.26 Module perpage for zref (HO)

(/usr/share/texlive/texmf-dist/tex/latex/oberdiek/zref-base.sty
Package: zref-base 2016/05/21 v2.26 Module base for zref (HO)

(/usr/share/texlive/texmf-dist/tex/generic/oberdiek/kvsetkeys.sty
Package: kvsetkeys 2016/05/16 v1.17 Key value parser (HO)

(/usr/share/texlive/texmf-dist/tex/generic/oberdiek/etexcmds.sty
Package: etexcmds 2016/05/16 v1.6 Avoid name clashes with e-TeX commands (HO)

(/usr/share/texlive/texmf-dist/tex/generic/oberdiek/ifluatex.sty
Package: ifluatex 2016/05/16 v1.4 Provides the ifluatex switch (HO)
Package ifluatex Info: LuaTeX not detected.
)
Package etexcmds Info: Could not find \expanded.
(etexcmds)             That can mean that you are not using pdfTeX 1.50 or
(etexcmds)             that some package has redefined \expanded.
(etexcmds)             In the latter case, load this package earlier.
))
(/usr/share/texlive/texmf-dist/tex/generic/oberdiek/kvdefinekeys.sty
Package: kvdefinekeys 2016/05/16 v1.4 Define keys (HO)
)
(/usr/share/texlive/texmf-dist/tex/generic/oberdiek/pdftexcmds.sty
Package: pdftexcmds 2016/05/21 v0.22 Utility functions of pdfTeX for LuaTeX (HO
)
Package pdftexcmds Info: LuaTeX not detected.
Package pdftexcmds Info: \pdf@primitive is available.
Package pdftexcmds Info: \pdf@ifprimitive is available.
Package pdftexcmds Info: \pdfdraftmode found.
)
(/usr/share/texlive/texmf-dist/tex/latex/oberdiek/auxhook.sty
Package: auxhook 2016/05/16 v1.4 Hooks for auxiliary files (HO)
)
Package zref Info: New property list: main on input line 759.
Package zref Info: New property: default on input line 760.
Package zref Info: New property: page on input line 761.
)
(/usr/share/texlive/texmf-dist/tex/latex/oberdiek/zref-abspage.sty
Package: zref-abspage 2016/05/21 v2.26 Module abspage for zref (HO)

(/usr/share/texlive/texmf-dist/tex/generic/oberdiek/atbegshi.sty
Package: atbegshi 2016/06/09 v1.18 At begin shipout hook (HO)
)
\c@abspage=\count130
Package zref Info: New property: abspage on input line 62.
)
Package zref Info: New property: pagevalue on input line 54.
Package zref Info: New property list: perpage on input line 55.
\c@zpage=\count131
\c@zref@unique=\count132
))
(/usr/share/texmf/tex/latex/eskdx/eskdbiblist.sty
Package: eskdbiblist 2010/01/14 v0.98 Bibliography List
)
(/usr/share/texmf/tex/latex/eskdx/eskdexplan.sty
Package: eskdexplan 2010/01/19 v0.98 ESKD Explanation
\ESKDexplanIndent=\skip82
)
(/usr/share/texmf/tex/latex/eskdx/eskdtitlebase.sty
Package: eskdtitlebase 2010/01/14 v0.98 Base Title Commands
\ESKD@title@agreed@cnt=\count133
\ESKD@title@designed@cnt=\count134
)
(/usr/share/texmf/tex/latex/eskdx/eskdtitle.sty
Package: eskdtitle 2010/01/14 v0.98 Title GOST 2.105
))
(/usr/share/texlive/texmf-dist/tex/latex/base/inputenc.sty
Package: inputenc 2015/03/17 v1.2c Input encoding file
\inpenc@prehook=\toks22
\inpenc@posthook=\toks23

(/usr/share/texlive/texmf-dist/tex/latex/ucs/utf8x.def
File: utf8x.def 2004/10/17 UCS: Input encoding UTF-8
))
(/usr/share/texlive/texmf-dist/tex/latex/ucs/ucs.sty
Package: ucs 2013/05/11 v2.2 UCS: Unicode input support

(/usr/share/texlive/texmf-dist/tex/latex/ucs/data/uni-global.def
File: uni-global.def 2013/05/13 UCS: Unicode global data
)
\uc@secondtry=\count135
\uc@combtoks=\toks24
\uc@combtoksb=\toks25
\uc@temptokena=\toks26
)
(/usr/share/texmf/tex/latex/eskdx/eskdplain.sty
Package: eskdplain 2011/05/09 v0.98 Plain Page Style
\ESKD@hash@c@@style@draw@plain=\count136
\ESKD@hash@p@@style@draw@plain=\count137
)
(/usr/share/texlive/texmf-dist/tex/latex/multirow/multirow.sty
\bigstrutjot=\dimen133
)
(/usr/share/texlive/texmf-dist/tex/latex/tools/tabularx.sty
Package: tabularx 2016/02/03 v2.11 `tabularx' package (DPC)

(/usr/share/texlive/texmf-dist/tex/latex/tools/array.sty
Package: array 2014/10/28 v2.4c Tabular extension package (FMi)
\col@sep=\dimen134
\extrarowheight=\dimen135
\NC@list=\toks27
\extratabsurround=\skip83
\backup@length=\skip84
)
\TX@col@width=\dimen136
\TX@old@table=\dimen137
\TX@old@col=\dimen138
\TX@target=\dimen139
\TX@delta=\dimen140
\TX@cols=\count138
\TX@ftn=\toks28
)
(/usr/share/texlive/texmf-dist/tex/latex/graphics/lscape.sty
Package: lscape 2000/10/22 v3.01 Landscape Pages (DPC)
)
(/usr/share/texlive/texmf-dist/tex/latex/setspace/setspace.sty
Package: setspace 2011/12/19 v6.7a set line spacing
)
(/usr/share/texmf/tex/latex/scalable-cyrfonts-tex/cyrtimes.sty
Package: cyrtimes 2001/02/08 scalable-cyrfonts
)
(/usr/share/texlive/texmf-dist/tex/latex/enumitem/enumitem.sty
Package: enumitem 2011/09/28 v3.5.2 Customized lists
\labelindent=\skip85
\enit@outerparindent=\dimen141
\enit@toks=\toks29
\enit@inbox=\box34
\enitdp@description=\count139
)
(/usr/share/texlive/texmf-dist/tex/latex/titlesec/titlesec.sty
Package: titlesec 2016/03/21 v2.10.2 Sectioning titles
\ttl@box=\box35
\beforetitleunit=\skip86
\aftertitleunit=\skip87
\ttl@plus=\dimen142
\ttl@minus=\dimen143
\ttl@toksa=\toks30
\titlewidth=\dimen144
\titlewidthlast=\dimen145
\titlewidthfirst=\dimen146
)
(/usr/share/texlive/texmf-dist/tex/latex/tools/longtable.sty
Package: longtable 2014/10/28 v4.11 Multi-page Table package (DPC)
\LTleft=\skip88
\LTright=\skip89
\LTpre=\skip90
\LTpost=\skip91
\LTchunksize=\count140
\LTcapwidth=\dimen147
\LT@head=\box36
\LT@firsthead=\box37
\LT@foot=\box38
\LT@lastfoot=\box39
\LT@cols=\count141
\LT@rows=\count142
\c@LT@tables=\count143
\c@LT@chunks=\count144
\LT@p@ftn=\toks31
)
(/usr/share/texmf/tex/latex/eskdx/eskdtotal.sty
Package: eskdtotal 2010/01/14 v0.98 Total number of tables, figures, etc
\c@ESKD@figure=\count145
\c@ESKD@table=\count146
\c@ESKD@bibitem=\count147
)
(/usr/share/texlive/texmf-dist/tex/latex/listings/listings.sty
\lst@mode=\count148
\lst@gtempboxa=\box40
\lst@token=\toks32
\lst@length=\count149
\lst@currlwidth=\dimen148
\lst@column=\count150
\lst@pos=\count151
\lst@lostspace=\dimen149
\lst@width=\dimen150
\lst@newlines=\count152
\lst@lineno=\count153
\lst@maxwidth=\dimen151

(/usr/share/texlive/texmf-dist/tex/latex/listings/lstmisc.sty
File: lstmisc.sty 2015/06/04 1.6 (Carsten Heinz)
\c@lstnumber=\count154
\lst@skipnumbers=\count155
\lst@framebox=\box41
)
(/usr/share/texlive/texmf-dist/tex/latex/listings/listings.cfg
File: listings.cfg 2015/06/04 1.6 listings configuration
))
Package: listings 2015/06/04 1.6 (Carsten Heinz)

(/usr/share/texlive/texmf-dist/tex/latex/pdfpages/pdfpages.sty
Package: pdfpages 2016/04/19 v0.5f Insert pages of external PDF documents (AM)

(/usr/share/texlive/texmf-dist/tex/latex/eso-pic/eso-pic.sty
Package: eso-pic 2015/07/21 v2.0g eso-pic (RN)

(/usr/share/texlive/texmf-dist/tex/latex/xcolor/xcolor.sty
Package: xcolor 2016/05/11 v2.12 LaTeX color extensions (UK)

(/usr/share/texlive/texmf-dist/tex/latex/graphics-cfg/color.cfg
File: color.cfg 2016/01/02 v1.6 sample color configuration
)
Package xcolor Info: Driver file: pdftex.def on input line 225.
Package xcolor Info: Model `cmy' substituted by `cmy0' on input line 1348.
Package xcolor Info: Model `hsb' substituted by `rgb' on input line 1352.
Package xcolor Info: Model `RGB' extended on input line 1364.
Package xcolor Info: Model `HTML' substituted by `rgb' on input line 1366.
Package xcolor Info: Model `Hsb' substituted by `hsb' on input line 1367.
Package xcolor Info: Model `tHsb' substituted by `hsb' on input line 1368.
Package xcolor Info: Model `HSB' substituted by `hsb' on input line 1369.
Package xcolor Info: Model `Gray' substituted by `gray' on input line 1370.
Package xcolor Info: Model `wave' substituted by `hsb' on input line 1371.
))
\AM@pagewidth=\dimen152
\AM@pageheight=\dimen153

(/usr/share/texlive/texmf-dist/tex/latex/pdfpages/pppdftex.def
File: pppdftex.def 2016/04/19 v0.5f Pdfpages driver for pdfTeX (AM)
)
(/usr/share/texlive/texmf-dist/tex/latex/ms/count1to.sty
Package: count1to 2009/05/24 v2.1 Count1to9 Package (MS)
)
\AM@pagebox=\box42
\AM@global@opts=\toks33
\AM@toc@title=\toks34
\c@AM@survey=\count156
\AM@templatesizebox=\box43
)) (./report.aux
LaTeX Font Info:    Try loading font information for T2A+cmr on input line 5.

(/usr/share/texlive/texmf-dist/tex/latex/cyrillic/t2acmr.fd
File: t2acmr.fd 2001/08/11 v1.0a Computer Modern Cyrillic font definitions
))
\openout1 = `report.aux'.

LaTeX Font Info:    Checking defaults for OML/cmm/m/it on input line 3.
LaTeX Font Info:    ... okay on input line 3.
LaTeX Font Info:    Checking defaults for T1/cmr/m/n on input line 3.
LaTeX Font Info:    ... okay on input line 3.
LaTeX Font Info:    Checking defaults for OT1/cmr/m/n on input line 3.
LaTeX Font Info:    ... okay on input line 3.
LaTeX Font Info:    Checking defaults for OMS/cmsy/m/n on input line 3.
LaTeX Font Info:    ... okay on input line 3.
LaTeX Font Info:    Checking defaults for OMX/cmex/m/n on input line 3.
LaTeX Font Info:    ... okay on input line 3.
LaTeX Font Info:    Checking defaults for U/cmr/m/n on input line 3.
LaTeX Font Info:    ... okay on input line 3.
LaTeX Font Info:    Checking defaults for T2A/cmr/m/n on input line 3.
LaTeX Font Info:    ... okay on input line 3.
LaTeX Font Info:    Try loading font information for OT1+ftm on input line 3.

(/usr/share/texmf/tex/latex/scalable-cyrfonts-tex/ot1ftm.fd
File: ot1ftm.fd 2014/01/03 Fontinst v1.933 font definitions for OT1/ftm.
)
LaTeX Font Info:    Try loading font information for T2A+ftm on input line 3.

(/usr/share/texmf/tex/latex/scalable-cyrfonts-tex/t2aftm.fd
File: t2aftm.fd 2014/01/03 Fontinst v1.933 font definitions for T2A/ftm.
)
*geometry* driver: auto-detecting
*geometry* detected driver: pdftex
*geometry* verbose mode - [ preamble ] result:
* driver: pdftex
* paper: a4paper
* layout: <same size as paper>
* layoutoffset:(h,v)=(0.0pt,0.0pt)
* modes: 
* h-part:(L,W,R)=(65.44131pt, 509.30438pt, 22.76218pt)
* v-part:(T,H,B)=(42.67911pt, 759.68863pt, 42.67911pt)
* \paperwidth=597.50787pt
* \paperheight=845.04684pt
* \textwidth=509.30438pt
* \textheight=759.68863pt
* \oddsidemargin=-6.82867pt
* \evensidemargin=-6.82867pt
* \topmargin=-29.59088pt
* \headheight=0.0pt
* \headsep=0.0pt
* \topskip=14.0pt
* \footskip=0.0pt
* \marginparwidth=24.0pt
* \marginparsep=10.0pt
* \columnsep=10.0pt
* \skip\footins=12.0pt plus 4.0pt minus 2.0pt
* \hoffset=0.0pt
* \voffset=0.0pt
* \mag=1000
* \@twocolumnfalse
* \@twosidefalse
* \@mparswitchfalse
* \@reversemarginfalse
* (1in=72.27pt=25.4mm, 1cm=28.453pt)

Package lastpage Info: Please have a look at the pageslts package at
(lastpage)             https://www.ctan.org/pkg/pageslts
(lastpage)             ! on input line 3.
(/usr/share/texlive/texmf-dist/tex/context/base/mkii/supp-pdf.mkii
[Loading MPS to PDF converter (version 2006.09.02).]
\scratchcounter=\count157
\scratchdimen=\dimen154
\scratchbox=\box44
\nofMPsegments=\count158
\nofMParguments=\count159
\everyMPshowfont=\toks35
\MPscratchCnt=\count160
\MPscratchDim=\dimen155
\MPnumerator=\count161
\makeMPintoPDFobject=\count162
\everyMPtoPDFconversion=\toks36
) (/usr/share/texlive/texmf-dist/tex/latex/oberdiek/epstopdf-base.sty
Package: epstopdf-base 2016/05/15 v2.6 Base part for package epstopdf

(/usr/share/texlive/texmf-dist/tex/latex/oberdiek/grfext.sty
Package: grfext 2016/05/16 v1.2 Manage graphics extensions (HO)
)
(/usr/share/texlive/texmf-dist/tex/latex/oberdiek/kvoptions.sty
Package: kvoptions 2016/05/16 v3.12 Key value format for package options (HO)
)
Package epstopdf-base Info: Redefining graphics rule for `.eps' on input line 4
38.
Package grfext Info: Graphics extension search list:
(grfext)             [.png,.pdf,.jpg,.mps,.jpeg,.jbig2,.jb2,.PNG,.PDF,.JPG,.JPE
G,.JBIG2,.JB2,.eps]
(grfext)             \AppendGraphicsExtensions on input line 456.

(/usr/share/texlive/texmf-dist/tex/latex/latexconfig/epstopdf-sys.cfg
File: epstopdf-sys.cfg 2010/07/13 v1.3 Configuration of (r)epstopdf for TeX Liv
e
))
(/usr/share/texlive/texmf-dist/tex/latex/ucs/data/uni-4.def
File: uni-4.def 2013/05/13 UCS: Unicode data U+0400..U+04FF
)
ABD: EveryShipout initializing macros
Package caption Info: Begin \AtBeginDocument code.
Package caption Info: Incompatible package detected (regarding \@caption).
(caption)             \@caption = \long macro:#1[#2]#3->\stepcounter {ESKD@#1}\
ESKD@old@caption {#1}[#2]{#3}.


Package caption Warning: \caption will not be redefined since it's already
(caption)                redefined by a document class or package which is
(caption)                unknown to the caption package.
See the caption package documentation for explanation.

Package caption Info: listings package is loaded.
Package caption Info: longtable package is loaded.
(/usr/share/texlive/texmf-dist/tex/latex/caption/ltcaption.sty
Package: ltcaption 2013/06/09 v1.4-94 longtable captions (AR)
)
Package caption Info: End \AtBeginDocument code.
\AtBeginShipoutBox=\box45

(/usr/share/texlive/texmf-dist/tex/latex/ucs/ucsencs.def
File: ucsencs.def 2011/01/21 Fixes to fontencodings LGR, T3
)
\c@lstlisting=\count163

ABD: Count1to9 initializing macros
(/usr/share/texlive/texmf-dist/tex/latex/oberdiek/pdflscape.sty
Package: pdflscape 2016/05/14 v0.11 Display of landscape pages in PDF (HO)
Package pdflscape Info: Auto-detected driver: pdftex on input line 81.
) (./title.tex
Underfull \hbox (badness 10000) in paragraph at lines 47--51

 []


Underfull \hbox (badness 2495) in paragraph at lines 52--56
\T2A/ftm/m/n/14.4 канд. техн. на-ук, до-цент каф.
 []


Underfull \hbox (badness 10000) in paragraph at lines 52--56

 []


Underfull \hbox (badness 10000) in paragraph at lines 60--68

 []

) [1.1.0.0.0.0.0.0.0.1

{/var/lib/texmf/fonts/map/pdftex/updmap/pdftex.map}]
(./task.tex
Underfull \hbox (badness 1496) in paragraph at lines 49--51
[]\T2A/ftm/m/n/14.4 программа на язы-ке про-грам-ми-ро-ва-ния Python, раз-ра-бо
-тан-ная в хо-де
 []

[2.2]
Underfull \hbox (badness 10000) in paragraph at lines 76--78

 []


Underfull \hbox (badness 10000) in paragraph at lines 79--81

 []


Underfull \hbox (badness 10000) in paragraph at lines 85--90

 []


Underfull \hbox (badness 10000) in paragraph at lines 98--100

 []


Underfull \hbox (badness 10000) in paragraph at lines 102--104

 []


Underfull \hbox (badness 10000) in paragraph at lines 108--113

 []

) (./referat_ru.tex [3.3.0.0.0.0.0.0.0.1]
Underfull \hbox (badness 4036) in paragraph at lines 11--13
[]\T2A/ftm/m/n/14.4 СТИЛОМЕТРИЯ, ИС-ХОД-НЫЙ КОД, ДЕ-А-НО-НИ-МИ-ЗА-ЦИЯ АВ-ТО-РА,

 []


Underfull \hbox (badness 4569) in paragraph at lines 11--13
\T2A/ftm/m/n/14.4 C/C++, КЛАС-СИ-ФИ-КА-ЦИЯ, PYTHON, SKLEARN, JUPYTER NOTEBOOK,
 []

[4.4]) (./referat_en.tex [5.5.0.0.0.0.0.0.0.1]
Underfull \hbox (badness 1616) in paragraph at lines 7--10
[]\T2A/ftm/m/n/14.4 STYLOMETRY, SOURCE CODE, AUTHORSHIP ATTRIBUTION, C/C++,
 []


Underfull \hbox (badness 2326) in paragraph at lines 7--10
\T2A/ftm/m/n/14.4 CLASSIFICATION, PYTHON, SKLEARN, JUPYTER NOTEBOOK, DECISION
 []


Underfull \hbox (badness 1173) in paragraph at lines 11--14
\T2A/ftm/m/n/14.4 of programmers, based on stylometry analysis of source code w
ritten in C/C++
 []


Underfull \hbox (badness 1874) in paragraph at lines 19--20
[]\T2A/ftm/m/n/14.4 software development of the system for source code analysis
 based on
 []

) [6.6] (./report.toc [7.7.0.0.0.0.0.0.0.1])
\tf@toc=\write3
\openout3 = `report.toc'.


Underfull \hbox (badness 10000) in paragraph at lines 26--33

 []


Underfull \hbox (badness 1436) in paragraph at lines 36--37
[]\T2A/ftm/m/n/14.4 В кон-вер-те на обо-ро-те
 []

[8.8] (./intro.tex [9.9.0.0.0.0.0.0.0.1

])
Underfull \hbox (badness 1077) in paragraph at lines 27--46
[]\T2A/ftm/m/n/14.4 Целью на-сто-я-щей ди-плом-ной ра-бо-ты яв-ля-ет-ся раз-ра-
бот-ка про-грамм-но-го
 []

[10.10] (./overview.tex [11.11.0.0.1.0.0.0.0.1

] [12.12.0.0.1]) [13.13.0.0.1.0.0.0.0.1] (./features.tex
Underfull \hbox (badness 10000) in paragraph at lines 46--46
[]|\T2A/ftm/m/n/14.4 Число одно-
 []


Underfull \hbox (badness 10000) in paragraph at lines 46--46
\T2A/ftm/m/n/14.4 строч-ных
 []


Underfull \hbox (badness 10000) in paragraph at lines 46--46
[]|\T2A/ftm/m/n/14.4 ln_inline_
 []


Underfull \hbox (badness 4072) in paragraph at lines 46--46
\T2A/ftm/m/n/14.4 но-строч-ных ком-мен-та-ри-ев к длине фай-ла
 []


Underfull \hbox (badness 10000) in paragraph at lines 46--46
[]|\T2A/ftm/m/n/14.4 Число много-
 []


Underfull \hbox (badness 10000) in paragraph at lines 46--46
\T2A/ftm/m/n/14.4 строч-ных
 []


Underfull \hbox (badness 10000) in paragraph at lines 46--46
[]|\T2A/ftm/m/n/14.4 ln_multiline_
 []


Underfull \hbox (badness 10000) in alignment at lines 46--46
[][][] 
 []


Underfull \hbox (badness 10000) in paragraph at lines 80--80
[]|\T2A/ftm/m/n/14.4 Число одиноч-
 []


Underfull \hbox (badness 10000) in paragraph at lines 80--80
\T2A/ftm/m/n/14.4 ных рас-кры-ва-ю-
 []


Underfull \hbox (badness 10000) in paragraph at lines 80--80
[]|\T2A/ftm/m/n/14.4 ln_open_
 []


Underfull \hbox (badness 1609) in paragraph at lines 80--80
[]|\T2A/ftm/m/n/14.4 Число рас-кры-ва-
 []


Underfull \hbox (badness 10000) in paragraph at lines 80--80
\T2A/ftm/m/n/14.4 ю-щих-ся ско-бок,
 []


Underfull \hbox (badness 10000) in paragraph at lines 80--80
[]|\T2A/ftm/m/n/14.4 ln_open_
 []


Underfull \hbox (badness 1609) in paragraph at lines 80--80
[]|\T2A/ftm/m/n/14.4 Число рас-кры-ва-
 []


Underfull \hbox (badness 10000) in paragraph at lines 80--80
\T2A/ftm/m/n/14.4 ю-щих-ся ско-бок,
 []


Underfull \hbox (badness 10000) in paragraph at lines 80--80
\T2A/ftm/m/n/14.4 по-след-них в
 []


Underfull \hbox (badness 10000) in paragraph at lines 80--80
[]|\T2A/ftm/m/n/14.4 ln_open_
 []


Underfull \hbox (badness 10000) in paragraph at lines 80--80
[]|\T2A/ftm/m/n/14.4 Число за-кры-ва-
 []


Underfull \hbox (badness 10000) in paragraph at lines 80--80
\T2A/ftm/m/n/14.4 ю-щих-ся ско-бок,
 []


Underfull \hbox (badness 10000) in paragraph at lines 80--80
\T2A/ftm/m/n/14.4 оди-ноч-ных в
 []


Underfull \hbox (badness 10000) in paragraph at lines 80--80
[]|\T2A/ftm/m/n/14.4 ln_closing_
 []


Underfull \hbox (badness 10000) in paragraph at lines 80--80
[]|\T2A/ftm/m/n/14.4 Число за-кры-ва-
 []


Underfull \hbox (badness 10000) in paragraph at lines 80--80
\T2A/ftm/m/n/14.4 ю-щих-ся ско-бок,
 []


Underfull \hbox (badness 10000) in paragraph at lines 80--80
[]|\T2A/ftm/m/n/14.4 ln_closing_
 []


Underfull \hbox (badness 10000) in paragraph at lines 80--80
[]|\T2A/ftm/m/n/14.4 Число за-кры-ва-
 []


Underfull \hbox (badness 10000) in paragraph at lines 80--80
\T2A/ftm/m/n/14.4 ю-щих-ся ско-бок,
 []


Underfull \hbox (badness 10000) in paragraph at lines 80--80
[]|\T2A/ftm/m/n/14.4 ln_closing_
 []

[14.14.0.0.2.1

] [15.15.0.0.2.1.0.0.0.1]
Underfull \hbox (badness 7576) in paragraph at lines 109--109
[]|\T2A/ftm/m/n/14.4 Число сим-во-лов
 []


Underfull \hbox (badness 10000) in paragraph at lines 109--109
[]|\T2A/ftm/m/n/14.4 Коэффициент
 []


Underfull \hbox (badness 10000) in paragraph at lines 109--109
\T2A/ftm/m/n/14.4 про-бель-ных
 []


Underfull \hbox (badness 10000) in paragraph at lines 109--109
[]|\T2A/ftm/m/n/14.4 whitespace_
 []


Underfull \hbox (badness 5288) in paragraph at lines 109--109
[]|\T2A/ftm/m/n/14.4 Натуральный ло-га-рифм от-но-ше-ния сум-мы
 []


Underfull \hbox (badness 1189) in paragraph at lines 109--109
\T2A/ftm/m/n/14.4 лов та-бу-ля-ции, пе-ре-во-дов стро-ки) к длине
 []


Overfull \hbox (0.59506pt too wide) in paragraph at lines 136--136
[]|\T2A/ftm/m/n/14.4 lines_of_code| 
 []


Underfull \hbox (badness 1596) in paragraph at lines 136--136
[]|\T2A/ftm/m/n/14.4 Число строк ко-да, не вклю-ча-ю-щее пу-стые
 []

[16.16.0.0.2.1

] (./cpp_keywords.tex
Overfull \hbox (6.55212pt too wide) in paragraph at lines 37--37
[]|\T2A/ftm/m/n/14.4 dynamic_cast| 
 []

)) [17.17.0.0.2.2.0.0.0.1

] (./model.tex
<images/box_1.png, id=75, 623.32875pt x 408.52625pt>
File: images/box_1.png Graphic file (type png)
 <use images/box_1.png>
Package pdftex.def Info: images/box_1.png used on input line 5.
(pdftex.def)             Requested size: 458.37083pt x 300.41591pt.

<images/box_2.png, id=76, 1033.8625pt x 618.31pt>
File: images/box_2.png Graphic file (type png)
 <use images/box_2.png>
Package pdftex.def Info: images/box_2.png used on input line 11.
(pdftex.def)             Requested size: 509.30438pt x 304.5973pt.


LaTeX Warning: `!h' float specifier changed to `!ht'.

[18.18.0.0.3

 <./images/box_1.png>] [19.19.0.0.3.0.0.0.0.1 <./images/box_2.png>]) (./classif
iers.tex (./random_forest.tex [20.20.0.0.4.1


]
<images/forest.png, id=90, 642.4pt x 318.18875pt>
File: images/forest.png Graphic file (type png)
 <use images/forest.png>
Package pdftex.def Info: images/forest.png used on input line 23.
(pdftex.def)             Requested size: 254.65219pt x 126.13226pt.
)
(./ada_boost.tex
Underfull \hbox (badness 5036) in paragraph at lines 1--3
[]\T2A/ftm/m/n/14.4 Алгоритм AdaBoost (сокр. от adaptive boosting) [[]] яв-ля-е
т-ся мета-
 []

[21.21.0.0.4.2.0.0.0.1 <./images/forest.png>]) (./extra_trees.tex)) [22.22.0.0.
4.3] (./cross_val.tex) [23.23.0.0.5.0.0.0.0.1

] (./test_data.tex [24.24.0.0.6

]
Underfull \hbox (badness 5802) in paragraph at lines 83--83
[]|\T2A/ftm/m/n/14.4 <<Google Code
 []


Underfull \hbox (badness 6332) in paragraph at lines 83--83
[]|\T2A/ftm/m/n/14.4 Максимальное чис-ло строк
 []

[25.25.0.0.6.0.0.0.0.1]) [26.26.0.0.6] (./evaluation.tex
Underfull \hbox (badness 10000) in paragraph at lines 29--29
[]|\T2A/ftm/m/n/14.4 Луч.
 []


Underfull \hbox (badness 10000) in paragraph at lines 29--29
[]|\T2A/ftm/m/n/14.4 Худ.
 []


Underfull \hbox (badness 10000) in paragraph at lines 29--29
[]|\T2A/ftm/m/n/14.4 100
 []

) [27.27.0.0.7.0.0.0.0.1

] (./results.tex
Overfull \hbox (7.28653pt too wide) in paragraph at lines 41--41
[]|\T2A/ftm/m/n/14.4 Классифика-
 []


Underfull \hbox (badness 10000) in paragraph at lines 41--41
[]|\T2A/ftm/m/n/14.4 Время
 []


Underfull \hbox (badness 10000) in paragraph at lines 41--41
\T2A/ftm/m/n/14.4 ра-бо-ты,
 []


Underfull \hbox (badness 10000) in paragraph at lines 41--41
[]|\T2A/ftm/m/n/14.4 Random
 []


Overfull \hbox (7.28653pt too wide) in paragraph at lines 41--41
[]|\T2A/ftm/m/n/14.4 Классифика-
 []


Underfull \hbox (badness 10000) in paragraph at lines 41--41
[]|\T2A/ftm/m/n/14.4 Время
 []


Underfull \hbox (badness 10000) in paragraph at lines 41--41
\T2A/ftm/m/n/14.4 ра-бо-ты,
 []


Underfull \hbox (badness 10000) in paragraph at lines 41--41
[]|\T2A/ftm/m/n/14.4 Random
 []


Overfull \hbox (7.28653pt too wide) in paragraph at lines 41--41
[]|\T2A/ftm/m/n/14.4 Классифика-
 []


Underfull \hbox (badness 10000) in paragraph at lines 41--41
[]|\T2A/ftm/m/n/14.4 Время
 []


Underfull \hbox (badness 10000) in paragraph at lines 41--41
\T2A/ftm/m/n/14.4 ра-бо-ты,
 []


Underfull \hbox (badness 10000) in paragraph at lines 41--41
[]|\T2A/ftm/m/n/14.4 Random
 []

<images/students.png, id=122, 626.34pt x 472.76625pt>
File: images/students.png Graphic file (type png)

<use images/students.png>
Package pdftex.def Info: images/students.png used on input line 46.
(pdftex.def)             Requested size: 305.58572pt x 230.66197pt.


LaTeX Warning: `!h' float specifier changed to `!ht'.

<images/google.png, id=123, 671.50874pt x 471.7625pt>
File: images/google.png Graphic file (type png)
 <use images/google.png>
Package pdftex.def Info: images/google.png used on input line 52.
(pdftex.def)             Requested size: 305.58572pt x 214.68826pt.


LaTeX Warning: `!h' float specifier changed to `!ht'.

<images/github.png, id=124, 664.4825pt x 475.7775pt>
File: images/github.png Graphic file (type png)
 <use images/github.png>
Package pdftex.def Info: images/github.png used on input line 58.
(pdftex.def)             Requested size: 305.58572pt x 218.80222pt.


LaTeX Warning: `!h' float specifier changed to `!ht'.

[28.28.0.0.8

] [29.29.0.0.8.0.0.0.0.1 <./images/students.png> <./images/google.png>] [30.30.
0.0.8 <./images/github.png>]) (./whosecpp.tex [31.31.0.0.9.0.0.0.0.1


] <images/flowchart.png, id=145, 638.385pt x 587.19376pt>
File: images/flowchart.png Graphic file (type png)

<use images/flowchart.png>
Package pdftex.def Info: images/flowchart.png used on input line 45.
(pdftex.def)             Requested size: 407.44505pt x 374.77234pt.
 [32.32.0.0.9] [33.33.0.0.9.0.0.0.0.1 <./images/flowchart.png>] <images/user_no
tebook_1.png, id=155, 884.30376pt x 626.34pt>
File: images/user_notebook_1.png Graphic file (type png)

<use images/user_notebook_1.png>
Package pdftex.def Info: images/user_notebook_1.png used on input line 53.
(pdftex.def)             Requested size: 458.37083pt x 324.65694pt.

<images/user_notebook_2.png, id=156, 1073.00874pt x 378.41376pt>
File: images/user_notebook_2.png Graphic file (type png)

<use images/user_notebook_2.png>
Package pdftex.def Info: images/user_notebook_2.png used on input line 60.
(pdftex.def)             Requested size: 509.30438pt x 179.60982pt.
 [34.34.0.0.9

 <./images/user_notebook_1.png> <./images/user_notebook_2.png>]
<images/user_notebook_3.png, id=164, 913.4125pt x 513.92pt>
File: images/user_notebook_3.png Graphic file (type png)

<use images/user_notebook_3.png>
Package pdftex.def Info: images/user_notebook_3.png used on input line 68.
(pdftex.def)             Requested size: 509.30438pt x 286.55423pt.

<images/newplot.png, id=165, 702.625pt x 451.6875pt>
File: images/newplot.png Graphic file (type png)
 <use images/newplot.png>
Package pdftex.def Info: images/newplot.png used on input line 75.
(pdftex.def)             Requested size: 356.5115pt x 229.1928pt.

<images/newplot2.png, id=166, 702.625pt x 370.38374pt>
File: images/newplot2.png Graphic file (type png)

<use images/newplot2.png>
Package pdftex.def Info: images/newplot2.png used on input line 82.
(pdftex.def)             Requested size: 356.5115pt x 187.93808pt.
 [35.35.0.0.9.0.0.0.0.1

 <./images/user_notebook_3.png> <./images/newplot.png>] [36.36.0.0.9 <./images/
newplot2.png>])
<manuals/proger_manual.pdf, id=178, 597.23125pt x 845.1575pt>
File: manuals/proger_manual.pdf Graphic file (type pdf)

<use manuals/proger_manual.pdf>
Package pdftex.def Info: manuals/proger_manual.pdf used on input line 94.
(pdftex.def)             Requested size: 597.22978pt x 845.15544pt.
File: manuals/proger_manual.pdf Graphic file (type pdf)
 <use manuals/proger_manual.pdf>
Package pdftex.def Info: manuals/proger_manual.pdf used on input line 94.
(pdftex.def)             Requested size: 597.22978pt x 845.15544pt.

<manuals/proger_manual.pdf, id=181, page=1, 597.23125pt x 845.1575pt>
File: manuals/proger_manual.pdf Graphic file (type pdf)

<use manuals/proger_manual.pdf, page 1>
Package pdftex.def Info: manuals/proger_manual.pdf, page1 used on input line 94
.
(pdftex.def)             Requested size: 597.22978pt x 845.15544pt.
File: manuals/proger_manual.pdf Graphic file (type pdf)

<use manuals/proger_manual.pdf, page 1>
Package pdftex.def Info: manuals/proger_manual.pdf, page1 used on input line 94
.
(pdftex.def)             Requested size: 597.25711pt x 845.19412pt.
File: manuals/proger_manual.pdf Graphic file (type pdf)

<use manuals/proger_manual.pdf, page 1>
Package pdftex.def Info: manuals/proger_manual.pdf, page1 used on input line 94
.
(pdftex.def)             Requested size: 597.25711pt x 845.19412pt.
File: manuals/proger_manual.pdf Graphic file (type pdf)

<use manuals/proger_manual.pdf, page 1>
Package pdftex.def Info: manuals/proger_manual.pdf, page1 used on input line 94
.
(pdftex.def)             Requested size: 597.25711pt x 845.19412pt.
File: manuals/proger_manual.pdf Graphic file (type pdf)

<use manuals/proger_manual.pdf, page 1>
Package pdftex.def Info: manuals/proger_manual.pdf, page1 used on input line 94
.
(pdftex.def)             Requested size: 597.25711pt x 845.19412pt.
 [37.37.0.0.9.0.0.0.0.1


 <./manuals/proger_manual.pdf>]
<manuals/proger_manual.pdf, id=243, page=2, 597.23125pt x 845.1575pt>
File: manuals/proger_manual.pdf Graphic file (type pdf)

<use manuals/proger_manual.pdf, page 2>
Package pdftex.def Info: manuals/proger_manual.pdf, page2 used on input line 94
.
(pdftex.def)             Requested size: 597.25711pt x 845.19412pt.
File: manuals/proger_manual.pdf Graphic file (type pdf)

<use manuals/proger_manual.pdf, page 2>
Package pdftex.def Info: manuals/proger_manual.pdf, page2 used on input line 94
.
(pdftex.def)             Requested size: 597.25711pt x 845.19412pt.
File: manuals/proger_manual.pdf Graphic file (type pdf)

<use manuals/proger_manual.pdf, page 2>
Package pdftex.def Info: manuals/proger_manual.pdf, page2 used on input line 94
.
(pdftex.def)             Requested size: 597.25711pt x 845.19412pt.
 [38.38.0.0.9 <./manuals/proger_manual.pdf>] <manuals/proger_manual.pdf, id=249
, page=3, 597.23125pt x 845.1575pt>
File: manuals/proger_manual.pdf Graphic file (type pdf)

<use manuals/proger_manual.pdf, page 3>
Package pdftex.def Info: manuals/proger_manual.pdf, page3 used on input line 94
.
(pdftex.def)             Requested size: 597.25711pt x 845.19412pt.
File: manuals/proger_manual.pdf Graphic file (type pdf)

<use manuals/proger_manual.pdf, page 3>
Package pdftex.def Info: manuals/proger_manual.pdf, page3 used on input line 94
.
(pdftex.def)             Requested size: 597.25711pt x 845.19412pt.
File: manuals/proger_manual.pdf Graphic file (type pdf)

<use manuals/proger_manual.pdf, page 3>
Package pdftex.def Info: manuals/proger_manual.pdf, page3 used on input line 94
.
(pdftex.def)             Requested size: 597.25711pt x 845.19412pt.
 [39.39.0.0.9.0.0.0.0.1 <./manuals/proger_manual.pdf>]
<manuals/proger_manual.pdf, id=255, page=4, 597.23125pt x 845.1575pt>
File: manuals/proger_manual.pdf Graphic file (type pdf)

<use manuals/proger_manual.pdf, page 4>
Package pdftex.def Info: manuals/proger_manual.pdf, page4 used on input line 94
.
(pdftex.def)             Requested size: 597.25711pt x 845.19412pt.
File: manuals/proger_manual.pdf Graphic file (type pdf)

<use manuals/proger_manual.pdf, page 4>
Package pdftex.def Info: manuals/proger_manual.pdf, page4 used on input line 94
.
(pdftex.def)             Requested size: 597.25711pt x 845.19412pt.
File: manuals/proger_manual.pdf Graphic file (type pdf)

<use manuals/proger_manual.pdf, page 4>
Package pdftex.def Info: manuals/proger_manual.pdf, page4 used on input line 94
.
(pdftex.def)             Requested size: 597.25711pt x 845.19412pt.
 [40.40.0.0.9 <./manuals/proger_manual.pdf>] <manuals/proger_manual.pdf, id=261
, page=5, 597.23125pt x 845.1575pt>
File: manuals/proger_manual.pdf Graphic file (type pdf)

<use manuals/proger_manual.pdf, page 5>
Package pdftex.def Info: manuals/proger_manual.pdf, page5 used on input line 94
.
(pdftex.def)             Requested size: 597.25711pt x 845.19412pt.
File: manuals/proger_manual.pdf Graphic file (type pdf)

<use manuals/proger_manual.pdf, page 5>
Package pdftex.def Info: manuals/proger_manual.pdf, page5 used on input line 94
.
(pdftex.def)             Requested size: 597.25711pt x 845.19412pt.
File: manuals/proger_manual.pdf Graphic file (type pdf)

<use manuals/proger_manual.pdf, page 5>
Package pdftex.def Info: manuals/proger_manual.pdf, page5 used on input line 94
.
(pdftex.def)             Requested size: 597.25711pt x 845.19412pt.
 [41.41.0.0.9.0.0.0.0.1 <./manuals/proger_manual.pdf>]
<manuals/proger_manual.pdf, id=267, page=6, 597.23125pt x 845.1575pt>
File: manuals/proger_manual.pdf Graphic file (type pdf)

<use manuals/proger_manual.pdf, page 6>
Package pdftex.def Info: manuals/proger_manual.pdf, page6 used on input line 94
.
(pdftex.def)             Requested size: 597.25711pt x 845.19412pt.
File: manuals/proger_manual.pdf Graphic file (type pdf)

<use manuals/proger_manual.pdf, page 6>
Package pdftex.def Info: manuals/proger_manual.pdf, page6 used on input line 94
.
(pdftex.def)             Requested size: 597.25711pt x 845.19412pt.
File: manuals/proger_manual.pdf Graphic file (type pdf)

<use manuals/proger_manual.pdf, page 6>
Package pdftex.def Info: manuals/proger_manual.pdf, page6 used on input line 94
.
(pdftex.def)             Requested size: 597.25711pt x 845.19412pt.
 [42.42.0.0.9 <./manuals/proger_manual.pdf>] <manuals/proger_manual.pdf, id=273
, page=7, 597.23125pt x 845.1575pt>
File: manuals/proger_manual.pdf Graphic file (type pdf)

<use manuals/proger_manual.pdf, page 7>
Package pdftex.def Info: manuals/proger_manual.pdf, page7 used on input line 94
.
(pdftex.def)             Requested size: 597.25711pt x 845.19412pt.
File: manuals/proger_manual.pdf Graphic file (type pdf)

<use manuals/proger_manual.pdf, page 7>
Package pdftex.def Info: manuals/proger_manual.pdf, page7 used on input line 94
.
(pdftex.def)             Requested size: 597.25711pt x 845.19412pt.
File: manuals/proger_manual.pdf Graphic file (type pdf)

<use manuals/proger_manual.pdf, page 7>
Package pdftex.def Info: manuals/proger_manual.pdf, page7 used on input line 94
.
(pdftex.def)             Requested size: 597.25711pt x 845.19412pt.
 [43.43.0.0.9.0.0.0.0.1 <./manuals/proger_manual.pdf>]
<manuals/proger_manual.pdf, id=280, page=8, 597.23125pt x 845.1575pt>
File: manuals/proger_manual.pdf Graphic file (type pdf)

<use manuals/proger_manual.pdf, page 8>
Package pdftex.def Info: manuals/proger_manual.pdf, page8 used on input line 94
.
(pdftex.def)             Requested size: 597.25711pt x 845.19412pt.
File: manuals/proger_manual.pdf Graphic file (type pdf)

<use manuals/proger_manual.pdf, page 8>
Package pdftex.def Info: manuals/proger_manual.pdf, page8 used on input line 94
.
(pdftex.def)             Requested size: 597.25711pt x 845.19412pt.
File: manuals/proger_manual.pdf Graphic file (type pdf)

<use manuals/proger_manual.pdf, page 8>
Package pdftex.def Info: manuals/proger_manual.pdf, page8 used on input line 94
.
(pdftex.def)             Requested size: 597.25711pt x 845.19412pt.
 [44.44.0.0.9 <./manuals/proger_manual.pdf>] <manuals/proger_manual.pdf, id=286
, page=9, 597.23125pt x 845.1575pt>
File: manuals/proger_manual.pdf Graphic file (type pdf)

<use manuals/proger_manual.pdf, page 9>
Package pdftex.def Info: manuals/proger_manual.pdf, page9 used on input line 94
.
(pdftex.def)             Requested size: 597.25711pt x 845.19412pt.
File: manuals/proger_manual.pdf Graphic file (type pdf)

<use manuals/proger_manual.pdf, page 9>
Package pdftex.def Info: manuals/proger_manual.pdf, page9 used on input line 94
.
(pdftex.def)             Requested size: 597.25711pt x 845.19412pt.
File: manuals/proger_manual.pdf Graphic file (type pdf)

<use manuals/proger_manual.pdf, page 9>
Package pdftex.def Info: manuals/proger_manual.pdf, page9 used on input line 94
.
(pdftex.def)             Requested size: 597.25711pt x 845.19412pt.
 [45.45.0.0.9.0.0.0.0.1 <./manuals/proger_manual.pdf>]
<manuals/proger_manual.pdf, id=292, page=10, 597.23125pt x 845.1575pt>
File: manuals/proger_manual.pdf Graphic file (type pdf)

<use manuals/proger_manual.pdf, page 10>
Package pdftex.def Info: manuals/proger_manual.pdf, page10 used on input line 9
4.
(pdftex.def)             Requested size: 597.25711pt x 845.19412pt.
File: manuals/proger_manual.pdf Graphic file (type pdf)

<use manuals/proger_manual.pdf, page 10>
Package pdftex.def Info: manuals/proger_manual.pdf, page10 used on input line 9
4.
(pdftex.def)             Requested size: 597.25711pt x 845.19412pt.
File: manuals/proger_manual.pdf Graphic file (type pdf)

<use manuals/proger_manual.pdf, page 10>
Package pdftex.def Info: manuals/proger_manual.pdf, page10 used on input line 9
4.
(pdftex.def)             Requested size: 597.25711pt x 845.19412pt.
 [46.46.0.0.9 <./manuals/proger_manual.pdf>] <manuals/proger_manual.pdf, id=298
, page=11, 597.23125pt x 845.1575pt>
File: manuals/proger_manual.pdf Graphic file (type pdf)

<use manuals/proger_manual.pdf, page 11>
Package pdftex.def Info: manuals/proger_manual.pdf, page11 used on input line 9
4.
(pdftex.def)             Requested size: 597.25711pt x 845.19412pt.
File: manuals/proger_manual.pdf Graphic file (type pdf)

<use manuals/proger_manual.pdf, page 11>
Package pdftex.def Info: manuals/proger_manual.pdf, page11 used on input line 9
4.
(pdftex.def)             Requested size: 597.25711pt x 845.19412pt.
File: manuals/proger_manual.pdf Graphic file (type pdf)

<use manuals/proger_manual.pdf, page 11>
Package pdftex.def Info: manuals/proger_manual.pdf, page11 used on input line 9
4.
(pdftex.def)             Requested size: 597.25711pt x 845.19412pt.
 [47.47.0.0.9.0.0.0.0.1 <./manuals/proger_manual.pdf>]
<manuals/proger_manual.pdf, id=304, page=12, 597.23125pt x 845.1575pt>
File: manuals/proger_manual.pdf Graphic file (type pdf)

<use manuals/proger_manual.pdf, page 12>
Package pdftex.def Info: manuals/proger_manual.pdf, page12 used on input line 9
4.
(pdftex.def)             Requested size: 597.25711pt x 845.19412pt.
File: manuals/proger_manual.pdf Graphic file (type pdf)

<use manuals/proger_manual.pdf, page 12>
Package pdftex.def Info: manuals/proger_manual.pdf, page12 used on input line 9
4.
(pdftex.def)             Requested size: 597.25711pt x 845.19412pt.
File: manuals/proger_manual.pdf Graphic file (type pdf)

<use manuals/proger_manual.pdf, page 12>
Package pdftex.def Info: manuals/proger_manual.pdf, page12 used on input line 9
4.
(pdftex.def)             Requested size: 597.25711pt x 845.19412pt.
 [48.48.0.0.9 <./manuals/proger_manual.pdf>] <manuals/proger_manual.pdf, id=310
, page=13, 597.23125pt x 845.1575pt>
File: manuals/proger_manual.pdf Graphic file (type pdf)

<use manuals/proger_manual.pdf, page 13>
Package pdftex.def Info: manuals/proger_manual.pdf, page13 used on input line 9
4.
(pdftex.def)             Requested size: 597.25711pt x 845.19412pt.
File: manuals/proger_manual.pdf Graphic file (type pdf)

<use manuals/proger_manual.pdf, page 13>
Package pdftex.def Info: manuals/proger_manual.pdf, page13 used on input line 9
4.
(pdftex.def)             Requested size: 597.25711pt x 845.19412pt.
File: manuals/proger_manual.pdf Graphic file (type pdf)

<use manuals/proger_manual.pdf, page 13>
Package pdftex.def Info: manuals/proger_manual.pdf, page13 used on input line 9
4.
(pdftex.def)             Requested size: 597.25711pt x 845.19412pt.
 [49.49.0.0.9.0.0.0.0.1 <./manuals/proger_manual.pdf>] <manuals/user_manual.pdf
, id=317, 597.23125pt x 845.1575pt>
File: manuals/user_manual.pdf Graphic file (type pdf)

<use manuals/user_manual.pdf>
Package pdftex.def Info: manuals/user_manual.pdf used on input line 98.
(pdftex.def)             Requested size: 597.22978pt x 845.15544pt.
File: manuals/user_manual.pdf Graphic file (type pdf)
 <use manuals/user_manual.pdf>
Package pdftex.def Info: manuals/user_manual.pdf used on input line 98.
(pdftex.def)             Requested size: 597.22978pt x 845.15544pt.

<manuals/user_manual.pdf, id=320, page=1, 597.23125pt x 845.1575pt>
File: manuals/user_manual.pdf Graphic file (type pdf)

<use manuals/user_manual.pdf, page 1>
Package pdftex.def Info: manuals/user_manual.pdf, page1 used on input line 98.
(pdftex.def)             Requested size: 597.22978pt x 845.15544pt.
File: manuals/user_manual.pdf Graphic file (type pdf)
 <use manuals/user_manual.pdf, page 1>
Package pdftex.def Info: manuals/user_manual.pdf, page1 used on input line 98.
(pdftex.def)             Requested size: 597.25711pt x 845.19412pt.
File: manuals/user_manual.pdf Graphic file (type pdf)

<use manuals/user_manual.pdf, page 1>
Package pdftex.def Info: manuals/user_manual.pdf, page1 used on input line 98.
(pdftex.def)             Requested size: 597.25711pt x 845.19412pt.
File: manuals/user_manual.pdf Graphic file (type pdf)
 <use manuals/user_manual.pdf, page 1>
Package pdftex.def Info: manuals/user_manual.pdf, page1 used on input line 98.
(pdftex.def)             Requested size: 597.25711pt x 845.19412pt.
File: manuals/user_manual.pdf Graphic file (type pdf)

<use manuals/user_manual.pdf, page 1>
Package pdftex.def Info: manuals/user_manual.pdf, page1 used on input line 98.
(pdftex.def)             Requested size: 597.25711pt x 845.19412pt.
 [50.50.0.0.9

 <./manuals/user_manual.pdf>] <manuals/user_manual.pdf, id=378, page=2, 597.231
25pt x 845.1575pt>
File: manuals/user_manual.pdf Graphic file (type pdf)

<use manuals/user_manual.pdf, page 2>
Package pdftex.def Info: manuals/user_manual.pdf, page2 used on input line 98.
(pdftex.def)             Requested size: 597.25711pt x 845.19412pt.
File: manuals/user_manual.pdf Graphic file (type pdf)
 <use manuals/user_manual.pdf, page 2>
Package pdftex.def Info: manuals/user_manual.pdf, page2 used on input line 98.
(pdftex.def)             Requested size: 597.25711pt x 845.19412pt.
File: manuals/user_manual.pdf Graphic file (type pdf)

<use manuals/user_manual.pdf, page 2>
Package pdftex.def Info: manuals/user_manual.pdf, page2 used on input line 98.
(pdftex.def)             Requested size: 597.25711pt x 845.19412pt.
 [51.51.0.0.9.0.0.0.0.1 <./manuals/user_manual.pdf>] <manuals/user_manual.pdf, 
id=384, page=3, 597.23125pt x 845.1575pt>
File: manuals/user_manual.pdf Graphic file (type pdf)

<use manuals/user_manual.pdf, page 3>
Package pdftex.def Info: manuals/user_manual.pdf, page3 used on input line 98.
(pdftex.def)             Requested size: 597.25711pt x 845.19412pt.
File: manuals/user_manual.pdf Graphic file (type pdf)
 <use manuals/user_manual.pdf, page 3>
Package pdftex.def Info: manuals/user_manual.pdf, page3 used on input line 98.
(pdftex.def)             Requested size: 597.25711pt x 845.19412pt.
File: manuals/user_manual.pdf Graphic file (type pdf)

<use manuals/user_manual.pdf, page 3>
Package pdftex.def Info: manuals/user_manual.pdf, page3 used on input line 98.
(pdftex.def)             Requested size: 597.25711pt x 845.19412pt.
 [52.52.0.0.9 <./manuals/user_manual.pdf>] <manuals/user_manual.pdf, id=390, pa
ge=4, 597.23125pt x 845.1575pt>
File: manuals/user_manual.pdf Graphic file (type pdf)

<use manuals/user_manual.pdf, page 4>
Package pdftex.def Info: manuals/user_manual.pdf, page4 used on input line 98.
(pdftex.def)             Requested size: 597.25711pt x 845.19412pt.
File: manuals/user_manual.pdf Graphic file (type pdf)
 <use manuals/user_manual.pdf, page 4>
Package pdftex.def Info: manuals/user_manual.pdf, page4 used on input line 98.
(pdftex.def)             Requested size: 597.25711pt x 845.19412pt.
File: manuals/user_manual.pdf Graphic file (type pdf)

<use manuals/user_manual.pdf, page 4>
Package pdftex.def Info: manuals/user_manual.pdf, page4 used on input line 98.
(pdftex.def)             Requested size: 597.25711pt x 845.19412pt.
 [53.53.0.0.9.0.0.0.0.1 <./manuals/user_manual.pdf>] <manuals/user_manual.pdf, 
id=396, page=5, 597.23125pt x 845.1575pt>
File: manuals/user_manual.pdf Graphic file (type pdf)

<use manuals/user_manual.pdf, page 5>
Package pdftex.def Info: manuals/user_manual.pdf, page5 used on input line 98.
(pdftex.def)             Requested size: 597.25711pt x 845.19412pt.
File: manuals/user_manual.pdf Graphic file (type pdf)
 <use manuals/user_manual.pdf, page 5>
Package pdftex.def Info: manuals/user_manual.pdf, page5 used on input line 98.
(pdftex.def)             Requested size: 597.25711pt x 845.19412pt.
File: manuals/user_manual.pdf Graphic file (type pdf)

<use manuals/user_manual.pdf, page 5>
Package pdftex.def Info: manuals/user_manual.pdf, page5 used on input line 98.
(pdftex.def)             Requested size: 597.25711pt x 845.19412pt.
 [54.54.0.0.9 <./manuals/user_manual.pdf>] <manuals/user_manual.pdf, id=402, pa
ge=6, 597.23125pt x 845.1575pt>
File: manuals/user_manual.pdf Graphic file (type pdf)

<use manuals/user_manual.pdf, page 6>
Package pdftex.def Info: manuals/user_manual.pdf, page6 used on input line 98.
(pdftex.def)             Requested size: 597.25711pt x 845.19412pt.
File: manuals/user_manual.pdf Graphic file (type pdf)
 <use manuals/user_manual.pdf, page 6>
Package pdftex.def Info: manuals/user_manual.pdf, page6 used on input line 98.
(pdftex.def)             Requested size: 597.25711pt x 845.19412pt.
File: manuals/user_manual.pdf Graphic file (type pdf)

<use manuals/user_manual.pdf, page 6>
Package pdftex.def Info: manuals/user_manual.pdf, page6 used on input line 98.
(pdftex.def)             Requested size: 597.25711pt x 845.19412pt.
 [55.55.0.0.9.0.0.0.0.1 <./manuals/user_manual.pdf>] <manuals/user_manual.pdf, 
id=409, page=7, 597.23125pt x 845.1575pt>
File: manuals/user_manual.pdf Graphic file (type pdf)

<use manuals/user_manual.pdf, page 7>
Package pdftex.def Info: manuals/user_manual.pdf, page7 used on input line 98.
(pdftex.def)             Requested size: 597.25711pt x 845.19412pt.
File: manuals/user_manual.pdf Graphic file (type pdf)
 <use manuals/user_manual.pdf, page 7>
Package pdftex.def Info: manuals/user_manual.pdf, page7 used on input line 98.
(pdftex.def)             Requested size: 597.25711pt x 845.19412pt.
File: manuals/user_manual.pdf Graphic file (type pdf)

<use manuals/user_manual.pdf, page 7>
Package pdftex.def Info: manuals/user_manual.pdf, page7 used on input line 98.
(pdftex.def)             Requested size: 597.25711pt x 845.19412pt.
 [56.56.0.0.9 <./manuals/user_manual.pdf>] <manuals/user_manual.pdf, id=415, pa
ge=8, 597.23125pt x 845.1575pt>
File: manuals/user_manual.pdf Graphic file (type pdf)

<use manuals/user_manual.pdf, page 8>
Package pdftex.def Info: manuals/user_manual.pdf, page8 used on input line 98.
(pdftex.def)             Requested size: 597.25711pt x 845.19412pt.
File: manuals/user_manual.pdf Graphic file (type pdf)
 <use manuals/user_manual.pdf, page 8>
Package pdftex.def Info: manuals/user_manual.pdf, page8 used on input line 98.
(pdftex.def)             Requested size: 597.25711pt x 845.19412pt.
File: manuals/user_manual.pdf Graphic file (type pdf)

<use manuals/user_manual.pdf, page 8>
Package pdftex.def Info: manuals/user_manual.pdf, page8 used on input line 98.
(pdftex.def)             Requested size: 597.25711pt x 845.19412pt.
 [57.57.0.0.9.0.0.0.0.1 <./manuals/user_manual.pdf>] <manuals/user_manual.pdf, 
id=421, page=9, 597.23125pt x 845.1575pt>
File: manuals/user_manual.pdf Graphic file (type pdf)

<use manuals/user_manual.pdf, page 9>
Package pdftex.def Info: manuals/user_manual.pdf, page9 used on input line 98.
(pdftex.def)             Requested size: 597.25711pt x 845.19412pt.
File: manuals/user_manual.pdf Graphic file (type pdf)
 <use manuals/user_manual.pdf, page 9>
Package pdftex.def Info: manuals/user_manual.pdf, page9 used on input line 98.
(pdftex.def)             Requested size: 597.25711pt x 845.19412pt.
File: manuals/user_manual.pdf Graphic file (type pdf)

<use manuals/user_manual.pdf, page 9>
Package pdftex.def Info: manuals/user_manual.pdf, page9 used on input line 98.
(pdftex.def)             Requested size: 597.25711pt x 845.19412pt.
 [58.58.0.0.9 <./manuals/user_manual.pdf>] <manuals/user_manual.pdf, id=427, pa
ge=10, 597.23125pt x 845.1575pt>
File: manuals/user_manual.pdf Graphic file (type pdf)

<use manuals/user_manual.pdf, page 10>
Package pdftex.def Info: manuals/user_manual.pdf, page10 used on input line 98.

(pdftex.def)             Requested size: 597.25711pt x 845.19412pt.
File: manuals/user_manual.pdf Graphic file (type pdf)
 <use manuals/user_manual.pdf, page 10>
Package pdftex.def Info: manuals/user_manual.pdf, page10 used on input line 98.

(pdftex.def)             Requested size: 597.25711pt x 845.19412pt.
File: manuals/user_manual.pdf Graphic file (type pdf)

<use manuals/user_manual.pdf, page 10>
Package pdftex.def Info: manuals/user_manual.pdf, page10 used on input line 98.

(pdftex.def)             Requested size: 597.25711pt x 845.19412pt.
 [59.59.0.0.9.0.0.0.0.1 <./manuals/user_manual.pdf>] <economics.pdf, id=433, 59
7.50829pt x 845.0471pt>
File: economics.pdf Graphic file (type pdf)

<use economics.pdf>
Package pdftex.def Info: economics.pdf used on input line 105.
(pdftex.def)             Requested size: 597.50682pt x 845.04504pt.
File: economics.pdf Graphic file (type pdf)
 <use economics.pdf>
Package pdftex.def Info: economics.pdf used on input line 105.
(pdftex.def)             Requested size: 597.50682pt x 845.04504pt.

<economics.pdf, id=436, page=1, 597.50829pt x 845.0471pt>
File: economics.pdf Graphic file (type pdf)

<use economics.pdf, page 1>
Package pdftex.def Info: economics.pdf, page1 used on input line 105.
(pdftex.def)             Requested size: 597.50682pt x 845.04504pt.
File: economics.pdf Graphic file (type pdf)
 <use economics.pdf, page 1>
Package pdftex.def Info: economics.pdf, page1 used on input line 105.
(pdftex.def)             Requested size: 597.53416pt x 845.08372pt.
File: economics.pdf Graphic file (type pdf)

<use economics.pdf, page 1>
Package pdftex.def Info: economics.pdf, page1 used on input line 105.
(pdftex.def)             Requested size: 597.53416pt x 845.08372pt.
File: economics.pdf Graphic file (type pdf)
 <use economics.pdf, page 1>
Package pdftex.def Info: economics.pdf, page1 used on input line 105.
(pdftex.def)             Requested size: 597.53416pt x 845.08372pt.
File: economics.pdf Graphic file (type pdf)

<use economics.pdf, page 1>
Package pdftex.def Info: economics.pdf, page1 used on input line 105.
(pdftex.def)             Requested size: 597.53416pt x 845.08372pt.
 [60.60.0.0.9

 <./economics.pdf>] (./economics.tex
<tables/economics/schedule.pdf, id=452, page=1, 563.10374pt x 623.32875pt>
File: tables/economics/schedule.pdf Graphic file (type pdf)

<use tables/economics/schedule.pdf, page 1>
Package pdftex.def Info: tables/economics/schedule.pdf, page1 used on input lin
e 53.
(pdftex.def)             Requested size: 509.30438pt x 563.77748pt.
 [61.61.0.0.12.2.0.0.0.1 <./tables/economics/schedule.pdf>] <images/grantt.png,
 id=465, 1469.49pt x 1036.87375pt>
File: images/grantt.png Graphic file (type png)

<use images/grantt.png>
Package pdftex.def Info: images/grantt.png used on input line 60.
(pdftex.def)             Requested size: 509.30438pt x 359.36725pt.

(/usr/share/texlive/texmf-dist/tex/latex/ucs/data/uni-32.def
File: uni-32.def 2013/05/13 UCS: Unicode data U+2000..U+20FF
) [62.62.0.0.12.3.1

 <./images/grantt.png>]
<tables/economics/schedule_4.pdf, id=471, page=1, 497.86pt x 235.88126pt>
File: tables/economics/schedule_4.pdf Graphic file (type pdf)

<use tables/economics/schedule_4.pdf, page 1>
Package pdftex.def Info: tables/economics/schedule_4.pdf, page1 used on input l
ine 103.
(pdftex.def)             Requested size: 509.30438pt x 241.30835pt.
 [63.63.0.0.12.3.2.0.0.1 <./tables/economics/schedule_4.pdf>]
<tables/economics/schedule_5.pdf, id=487, page=1, 469.755pt x 198.7425pt>
File: tables/economics/schedule_5.pdf Graphic file (type pdf)

<use tables/economics/schedule_5.pdf, page 1>
Package pdftex.def Info: tables/economics/schedule_5.pdf, page1 used on input l
ine 133.
(pdftex.def)             Requested size: 509.30438pt x 215.47568pt.
 [64.64.0.0.12.3.3 <./tables/economics/schedule_5.pdf>]
<tables/economics/econom.pdf, id=499, page=1, 525.965pt x 130.4875pt>
File: tables/economics/econom.pdf Graphic file (type pdf)

<use tables/economics/econom.pdf, page 1>
Package pdftex.def Info: tables/economics/econom.pdf, page1 used on input line 
150.
(pdftex.def)             Requested size: 509.30438pt x 126.35966pt.

<tables/economics/econom_2.pdf, id=500, page=1, 489.83pt x 215.80624pt>
File: tables/economics/econom_2.pdf Graphic file (type pdf)

<use tables/economics/econom_2.pdf, page 1>
Package pdftex.def Info: tables/economics/econom_2.pdf, page1 used on input lin
e 193.
(pdftex.def)             Requested size: 509.30438pt x 224.39038pt.
 [65.65.0.0.12.3.4.0.0.1 <./tables/economics/econom.pdf>]
<tables/economics/econom_3.pdf, id=513, page=1, 491.8375pt x 108.405pt>
File: tables/economics/econom_3.pdf Graphic file (type pdf)

<use tables/economics/econom_3.pdf, page 1>
Package pdftex.def Info: tables/economics/econom_3.pdf, page1 used on input lin
e 207.
(pdftex.def)             Requested size: 509.30438pt x 112.25883pt.

<tables/economics/econom_4.pdf, id=514, page=1, 494.84875pt x 164.615pt>
File: tables/economics/econom_4.pdf Graphic file (type pdf)

<use tables/economics/econom_4.pdf, page 1>
Package pdftex.def Info: tables/economics/econom_4.pdf, page1 used on input lin
e 221.
(pdftex.def)             Requested size: 509.30438pt x 169.42471pt.
 [66.66.0.0.12.3.6 <./tables/economics/econom_2.pdf> <./tables/economics/econom
_3.pdf

pdfTeX warning: pdflatex (file ./tables/economics/econom_3.pdf): PDF inclusion:
 multiple pdfs with page group included in a single page
>]) [67.67.0.0.12.3.6.0.0.1 <./tables/economics/econom_4.pdf>]
<life_safety.pdf, id=544, 597.50829pt x 845.0471pt>
File: life_safety.pdf Graphic file (type pdf)
 <use life_safety.pdf>
Package pdftex.def Info: life_safety.pdf used on input line 111.
(pdftex.def)             Requested size: 597.50682pt x 845.04504pt.
File: life_safety.pdf Graphic file (type pdf)

<use life_safety.pdf>
Package pdftex.def Info: life_safety.pdf used on input line 111.
(pdftex.def)             Requested size: 597.50682pt x 845.04504pt.

<life_safety.pdf, id=547, page=1, 597.50829pt x 845.0471pt>
File: life_safety.pdf Graphic file (type pdf)

<use life_safety.pdf, page 1>
Package pdftex.def Info: life_safety.pdf, page1 used on input line 111.
(pdftex.def)             Requested size: 597.50682pt x 845.04504pt.
File: life_safety.pdf Graphic file (type pdf)
 <use life_safety.pdf, page 1>
Package pdftex.def Info: life_safety.pdf, page1 used on input line 111.
(pdftex.def)             Requested size: 597.53416pt x 845.08372pt.
File: life_safety.pdf Graphic file (type pdf)

<use life_safety.pdf, page 1>
Package pdftex.def Info: life_safety.pdf, page1 used on input line 111.
(pdftex.def)             Requested size: 597.53416pt x 845.08372pt.
File: life_safety.pdf Graphic file (type pdf)
 <use life_safety.pdf, page 1>
Package pdftex.def Info: life_safety.pdf, page1 used on input line 111.
(pdftex.def)             Requested size: 597.53416pt x 845.08372pt.
File: life_safety.pdf Graphic file (type pdf)

<use life_safety.pdf, page 1>
Package pdftex.def Info: life_safety.pdf, page1 used on input line 111.
(pdftex.def)             Requested size: 597.53416pt x 845.08372pt.
 [68.68.0.0.12.3.6

 <./life_safety.pdf>]
(./life_safety.tex
Underfull \hbox (badness 1152) in paragraph at lines 87--87
[]|\T2A/ftm/m/n/14.4 Контролируемые ги-ги-е-ни-че-ские па-ра-
 []


Underfull \hbox (badness 1629) in paragraph at lines 87--87
[]\T2A/ftm/m/n/14.4 Машина вы-чис-ли-тель-ная элек-трон-ная
 []


Underfull \hbox (badness 10000) in paragraph at lines 87--87
[]\T2A/ftm/m/n/14.4 уровни элек-тро-маг-нит-ных по-лей
 []


Underfull \hbox (badness 10000) in paragraph at lines 87--87
[]\T2A/ftm/m/n/14.4 визуальные по-ка-за-те-ли ви-део-дис-
 []


Underfull \hbox (badness 10000) in paragraph at lines 115--115
[]|\T2A/ftm/m/n/14.4 250
 []

[69.69.0.0.13.3.0.0.0.1]
(/usr/share/texlive/texmf-dist/tex/latex/ucs/data/uni-0.def)
Underfull \hbox (badness 7851) in paragraph at lines 146--146
[]|\T2A/ftm/m/n/14.4 Не долж-на фик-си-ро-
 []


Underfull \hbox (badness 10000) in paragraph at lines 146--146
[]|\T2A/ftm/m/n/14.4 Пространственная неста-биль-ность изоб-ра-же-ния
 []


Underfull \hbox (badness 10000) in paragraph at lines 146--146
\T2A/ftm/m/n/14.4 сто-я-ние на-блю-де-ния,
 []


LaTeX Warning: `!h' float specifier changed to `!ht'.

[70.70.0.0.13.5]
Underfull \hbox (badness 10000) in paragraph at lines 183--183
[]|\T2A/ftm/m/n/14.4 Температура
 []


Underfull \hbox (badness 10000) in paragraph at lines 183--183
[]|\T2A/ftm/m/n/14.4 Температура
 []


Underfull \hbox (badness 10000) in paragraph at lines 183--183
\T2A/ftm/m/n/14.4 по-верх-но-стей,
 []


Overfull \hbox (2.66379pt too wide) in paragraph at lines 183--183
[]|\T2A/ftm/m/n/14.4 Относительная
 []


Underfull \hbox (badness 10000) in paragraph at lines 183--183
\T2A/ftm/m/n/14.4 влаж-ность
 []


Underfull \hbox (badness 10000) in paragraph at lines 183--183
[]|\T2A/ftm/m/n/14.4 Скорость
 []


Underfull \hbox (badness 10000) in paragraph at lines 183--183
\T2A/ftm/m/n/14.4 дви-же-ния
 []

[71.71.0.0.13.6.0.0.0.1] [72.72.0.0.13.6] [73.73.0.0.13.7.0.0.0.1] [74.74.0.0.1
3.7] [75.75.0.0.13.8.0.0.0.1]

LaTeX Warning: Command \textdegree invalid in math mode on input line 315.


LaTeX Warning: Command \textdegree invalid in math mode on input line 315.


LaTeX Warning: Command \textdegree invalid in math mode on input line 320.


LaTeX Warning: Command \textdegree invalid in math mode on input line 320.

[76.76.0.0.13.8]) [77.77.0.0.13.8.0.0.0.1] (./conclusions.tex) [78.78.0.0.13.8

] (./terms.tex) [79.79.0.0.13.8.0.0.0.1

] (./report.bbl
Underfull \hbox (badness 10000) in paragraph at lines 12--15
[]\T2A/ftm/m/n/14.4 Google C++ Style Guide [Элек-трон-ный ре-сурс]. --- Ре-жим 
до-сту-па:
 []


Underfull \hbox (badness 2689) in paragraph at lines 12--15
\T2A/ftm/m/n/14.4 https://google.github.io/styleguide/cppguide.html, сво-бод-ны
й (да-та об-ра-ще-ния:
 []


Underfull \hbox (badness 2376) in paragraph at lines 18--21
[]\T2A/ftm/m/n/14.4 C++ Programming Style Guidelines [Элек-трон-ный ре-сурс]. -
-- Ре-жим до-
 []


Underfull \hbox (badness 10000) in paragraph at lines 24--29
[]\T2A/ftm/m/n/14.4 Source Code Authorship Analysis For Supporting The Cybercri
me
 []


Underfull \hbox (badness 10000) in paragraph at lines 24--29
\T2A/ftm/m/n/14.4 Investigation Process. Georgia Frantzeskou, Efstathios Stamat
atos,
 []


Underfull \hbox (badness 10000) in paragraph at lines 24--29
\T2A/ftm/m/n/14.4 Stefanos Gritzalis [Элек-трон-ный ре-сурс]. --- Ре-жим до-сту
-па:
 []


Underfull \hbox (badness 10000) in paragraph at lines 24--29
\T2A/ftm/m/n/14.4 http://www.icsd.aegean.gr/lecturers/stamatatos/papers/ICETE20
05.pdf, сво-бод-
 []


Underfull \hbox (badness 10000) in paragraph at lines 32--37
[]\T2A/ftm/m/n/14.4 Identifying Authorship by Byte-Level N-Grams: The Source Co
de
 []


Underfull \hbox (badness 10000) in paragraph at lines 32--37
\T2A/ftm/m/n/14.4 Author Profile (SCAP) Method. Georgia Frantzeskou, Efstathios

 []


Underfull \hbox (badness 10000) in paragraph at lines 32--37
\T2A/ftm/m/n/14.4 Stamatatos, Stefanos Gritzalis [Элек-трон-ный ре-сурс]. --- Р
е-
 []


Underfull \hbox (badness 10000) in paragraph at lines 32--37
\T2A/ftm/m/n/14.4 жим до-сту-па: https://www.semanticscholar.org/paper/Identify
ing-
 []


Underfull \hbox (badness 10000) in paragraph at lines 32--37
\T2A/ftm/m/n/14.4 Authorship-by-Byte-Level-N-Grams-The-Frantzeskou-
 []


Underfull \hbox (badness 10000) in paragraph at lines 32--37
\T2A/ftm/m/n/14.4 Stamatatos/3b2531ea2685b9fb9abf071d119974ac3405874d, сво-бод-
ный (да-та
 []


Underfull \hbox (badness 10000) in paragraph at lines 40--45
[]\T2A/ftm/m/n/14.4 Using Classification Techniques to Determine Source Code
 []


Underfull \hbox (badness 10000) in paragraph at lines 40--45
\T2A/ftm/m/n/14.4 Authorship. Brian N. Pellin Computer Sciences Department
 []


Underfull \hbox (badness 10000) in paragraph at lines 40--45
\T2A/ftm/m/n/14.4 University of Wisconsin [Элек-трон-ный ре-сурс]. --- Ре-жим д
о-сту-па:
 []


Overfull \hbox (2.53708pt too wide) in paragraph at lines 40--45
\T2A/ftm/m/n/14.4 https://pdfs.semanticscholar.org/f9aa/790191a50bed02a877e1696
c7bb71ea9f33a.pdf,
 []


Underfull \hbox (badness 10000) in paragraph at lines 48--53
[]\T2A/ftm/m/n/14.4 Source Code Authorship Attribution using n-grams. Steven Bu
rrows,
 []


Underfull \hbox (badness 10000) in paragraph at lines 48--53
\T2A/ftm/m/n/14.4 S.M.M. Tahaghoghi [Элек-трон-ный ре-сурс]. --- Ре-жим до-сту-
па:
 []


Overfull \hbox (0.65067pt too wide) in paragraph at lines 48--53
\T2A/ftm/m/n/14.4 https://pdfs.semanticscholar.org/79a2/1998c2f0afe2c616c01d590
d6d0f6e16e9eb.pdf,
 []

[80.80.0.0.13.8

]
Underfull \hbox (badness 10000) in paragraph at lines 63--69
[]\T2A/ftm/m/n/14.4 Application of information retrieval techniques for source
 []


Underfull \hbox (badness 10000) in paragraph at lines 63--69
\T2A/ftm/m/n/14.4 code authorship attribution. S. Burrows, A. Uitdenbogerd,
 []


Underfull \hbox (badness 10000) in paragraph at lines 63--69
\T2A/ftm/m/n/14.4 T. Urpin [Элек-трон-ный ре-сурс]. --- Ре-жим до-сту-па:
 []


Overfull \hbox (97.56236pt too wide) in paragraph at lines 63--69
\T2A/ftm/m/n/14.4 https://www.researchgate.net/publication/220787332_Applicatio
n_of_Information_Retrieval_Techni-
 []


Underfull \hbox (badness 5939) in paragraph at lines 63--69
\T2A/ftm/m/n/14.4 ques_for_Source_Code_Authorship_Attribution, сво-бод-ный (да-
та об-ра-ще-ния:
 []


Underfull \hbox (badness 2799) in paragraph at lines 72--80
\T2A/ftm/m/n/14.4 University; Richard Harang, U.S. Army Research Laboratory; An
drew Liu,
 []


Underfull \hbox (badness 10000) in paragraph at lines 72--80
\T2A/ftm/m/n/14.4 https://www.usenix.org/system/files/conference/usenixsecurity
15/sec15-paper-
 []


Underfull \hbox (badness 10000) in paragraph at lines 83--87
[]\T2A/ftm/m/n/14.4 Random Forest. Applied Multivariate Statistics ---
 []


Underfull \hbox (badness 10000) in paragraph at lines 83--87
\T2A/ftm/m/n/14.4 Spring 2012 [Элек-трон-ный ре-сурс]. --- Ре-жим до-сту-па:
 []


Underfull \hbox (badness 10000) in paragraph at lines 83--87
\T2A/ftm/m/n/14.4 http://stat.ethz.ch/education/semesters/ss2012/ams/slides/v10
.2.pdf, сво-бод-ный
 []

[81.81.0.0.13.8.0.0.0.1]
Underfull \hbox (badness 10000) in paragraph at lines 107--110
[]\T2A/ftm/m/n/14.4 Макросы (C/C++) [Элек-трон-ный ре-сурс]. --- Ре-жим до-сту-
па:
 []


Underfull \hbox (badness 10000) in paragraph at lines 107--110
\T2A/ftm/m/n/14.4 https://msdn.microsoft.com/ru-ru/library/503x3e3s.aspx, сво-б
од-ный (да-та об-
 []


Underfull \hbox (badness 10000) in paragraph at lines 113--116
[]\T2A/ftm/m/n/14.4 Ключевые сло-ва C++ [Элек-трон-ный ре-сурс]. --- Ре-жим до-
сту-па:
 []


Underfull \hbox (badness 10000) in paragraph at lines 113--116
\T2A/ftm/m/n/14.4 http://ru.cppreference.com/w/cpp/keyword, сво-бод-ный (да-та 
об-ра-ще-ния:
 []


Underfull \hbox (badness 10000) in paragraph at lines 119--124
[]\T2A/ftm/m/n/14.4 Методы клас-си-фи-ка-ции и про-гно-зи-ро-ва-ния. Де-ре-вья 
ре-ше-
 []


Underfull \hbox (badness 10000) in paragraph at lines 119--124
\T2A/ftm/m/n/14.4 ний. ИН-ТУ-ИТ [Элек-трон-ный ре-сурс]. --- Ре-жим до-сту-па:
 []


Underfull \hbox (badness 10000) in paragraph at lines 127--131
[]\T2A/ftm/m/n/14.4 Алгоритм AdaBoost [Элек-трон-ный ре-сурс]. --- Ре-жим до-ст
у-па:
 []


Underfull \hbox (badness 2418) in paragraph at lines 127--131
\T2A/ftm/m/n/14.4 http://www.machinelearning.ru/wiki/index.php?title=AdaBoost, 
сво-бод-ный (да-та
 []


Underfull \hbox (badness 10000) in paragraph at lines 134--138
[]\T2A/ftm/m/n/14.4 Extremely randomized trees. Pierre Geurts, Damien Ernst,
 []


Underfull \hbox (badness 10000) in paragraph at lines 134--138
\T2A/ftm/m/n/14.4 Louis Wehenkel [Элек-трон-ный ре-сурс]. --- Ре-жим до-сту-па:

 []


Overfull \hbox (3.30026pt too wide) in paragraph at lines 134--138
\T2A/ftm/m/n/14.4 https://pdfs.semanticscholar.org/336a/165c17c9c56160d332b9f4a
2b403fccbdbfb.pdf,
 []


Underfull \hbox (badness 10000) in paragraph at lines 141--145
[]\T2A/ftm/m/n/14.4 Перекрјстная про-вер-ка [Элек-трон-ный ре-сурс]. --- Ре-жим
 до-сту-па:
 []


Underfull \hbox (badness 10000) in paragraph at lines 148--151
[]\T2A/ftm/m/n/14.4 Code Jam Language Stats [Элек-трон-ный ре-сурс]. --- Ре-жим
 до-сту-па:
 []


Underfull \hbox (badness 2626) in paragraph at lines 160--164
[]\T2A/ftm/m/n/14.4 GitHub Dominates the Forges [Элек-трон-ный ре-сурс]. --- Ре
-жим до-сту-па:
 []

[82.82.0.0.13.8]
Underfull \hbox (badness 10000) in paragraph at lines 175--178
[]\T2A/ftm/m/n/14.4 The Jupyter Notebook [Элек-трон-ный ре-сурс]. --- Ре-жим до
-сту-па:
 []


Underfull \hbox (badness 10000) in paragraph at lines 188--191
[]\T2A/ftm/m/n/14.4 Plotly Python Library [Элек-трон-ный ре-сурс]. --- Ре-жим д
о-сту-па:
 []


Underfull \hbox (badness 2512) in paragraph at lines 206--209
[]\T2A/ftm/m/n/14.4 Python Data Analysis Library [Элек-трон-ный ре-сурс]. --- Р
е-жим до-сту-па:
 []


Underfull \hbox (badness 10000) in paragraph at lines 218--225
[]\T2A/ftm/m/n/14.4 О клас-си-фи-ка-ции ос-нов-ных средств, вклю-ча-е-мых в амо
р-ти-
 []


Underfull \hbox (badness 10000) in paragraph at lines 218--225
\T2A/ftm/m/n/14.4 за-ци-он-ные груп-пы: по-ста-нов-ле-ние Пра-ви-тель-ства РФ ќ
 1 от
 []


Underfull \hbox (badness 10000) in paragraph at lines 218--225
\T2A/ftm/m/n/14.4 1 ян-ва-ря 2002 г. [Элек-трон-ный ре-сурс]. --- Ре-жим до-сту
-па:
 []


Underfull \hbox (badness 10000) in paragraph at lines 218--225
\T2A/ftm/m/n/14.4 http://www.consultant.ru/document/cons_doc_LAW_34710/, сво-бо
д-ный (да-та
 []

[83.83.0.0.13.8.0.0.0.1]
Underfull \hbox (badness 10000) in paragraph at lines 235--241
[]\T2A/ftm/m/n/14.4 НК РФ Ста-тья 426. Та-ри-фы стра-хо-вых взно-сов в 2017
 []


Underfull \hbox (badness 10000) in paragraph at lines 235--241
\T2A/ftm/m/n/14.4 -- 2019 го-дах [Элек-трон-ный ре-сурс]. --- Ре-жим до-сту-па:

 []


Underfull \hbox (badness 10000) in paragraph at lines 235--241
\T2A/ftm/m/n/14.4 http://www.consultant.ru/document/cons_doc_LAW_28165/994c7ea6
856fd572dd88
 []


Underfull \hbox (badness 10000) in paragraph at lines 244--255
\T2A/ftm/m/n/14.4 http://www.consultant.ru/document/cons_doc_LAW_34683/2776d763
76c800a46
 []


Underfull \hbox (badness 2809) in paragraph at lines 258--265
[]\T2A/ftm/m/n/14.4 Приказ от 23.12.2016 г. ќ 6-840 <<О та-ри-фах на элек-три-ч
е-скую энер-
 []


Underfull \hbox (badness 6542) in paragraph at lines 258--265
\T2A/ftm/m/n/14.4 гию для на-се-ле-ния и по-тре-би-те-лей, при-рав-нен-ных к ка
-те-го-рии на-се-
 []


Underfull \hbox (badness 8000) in paragraph at lines 258--265
\T2A/ftm/m/n/14.4 ле-ние по Том-ской об-ла-сти на 2017 год>> [Элек-трон-ный ре-
сурс]. ---
 []


Underfull \hbox (badness 6204) in paragraph at lines 258--265
\T2A/ftm/m/n/14.4 Ре-жим до-сту-па: http://energovopros.ru/spravochnik/elektros
nabzhenie/tarify-na-
 []


Underfull \hbox (badness 3803) in paragraph at lines 277--284
[]\T2A/ftm/m/n/14.4 СанПиН 2.2.4.548-96 Ги-ги-е-ни-че-ские тре-бо-ва-ния к мик-
ро-кли-ма-ту про-из-
 []


Underfull \hbox (badness 3281) in paragraph at lines 277--284
\T2A/ftm/m/n/14.4 вод-ствен-ных по-ме-ще-ний (утв. по-ста-нов-ле-ни-ем Гос-ком-
санэпид-над-зо-ра РФ
 []


Underfull \hbox (badness 6445) in paragraph at lines 277--284
\T2A/ftm/m/n/14.4 от 1 ок-тяб-ря 1996 г. ќ 21) [Элек-трон-ный ре-сурс]. --- Ре-
жим до-
 []


Underfull \hbox (badness 10000) in paragraph at lines 287--293
[]\T2A/ftm/m/n/14.4 СанПиН 2.2.2/2.4.1340-03 Ги-ги-е-ни-че-ские тре-бо-ва-ния к
 пер-со-наль-ным
 []

[84.84.0.0.13.8]) [85.85.0.0.13.8.0.0.0.1]
<overview_table.pdf, id=632, 597.23125pt x 845.1575pt>
File: overview_table.pdf Graphic file (type pdf)

<use overview_table.pdf>
Package pdftex.def Info: overview_table.pdf used on input line 133.
(pdftex.def)             Requested size: 597.22978pt x 845.15544pt.
File: overview_table.pdf Graphic file (type pdf)
 <use overview_table.pdf>
Package pdftex.def Info: overview_table.pdf used on input line 133.
(pdftex.def)             Requested size: 597.22978pt x 845.15544pt.

<overview_table.pdf, id=635, page=1, 597.23125pt x 845.1575pt>
File: overview_table.pdf Graphic file (type pdf)

<use overview_table.pdf, page 1>
Package pdftex.def Info: overview_table.pdf, page1 used on input line 133.
(pdftex.def)             Requested size: 597.22978pt x 845.15544pt.
File: overview_table.pdf Graphic file (type pdf)
 <use overview_table.pdf, page 1>
Package pdftex.def Info: overview_table.pdf, page1 used on input line 133.
(pdftex.def)             Requested size: 597.25711pt x 845.19412pt.
File: overview_table.pdf Graphic file (type pdf)

<use overview_table.pdf, page 1>
Package pdftex.def Info: overview_table.pdf, page1 used on input line 133.
(pdftex.def)             Requested size: 597.25711pt x 845.19412pt.
File: overview_table.pdf Graphic file (type pdf)
 <use overview_table.pdf, page 1>
Package pdftex.def Info: overview_table.pdf, page1 used on input line 133.
(pdftex.def)             Requested size: 597.25711pt x 845.19412pt.
File: overview_table.pdf Graphic file (type pdf)

<use overview_table.pdf, page 1>
Package pdftex.def Info: overview_table.pdf, page1 used on input line 133.
(pdftex.def)             Requested size: 597.25711pt x 845.19412pt.
 [86.86.0.0.13.8

 <./overview_table.pdf>]
<overview_table.pdf, id=647, page=2, 597.23125pt x 845.1575pt>
File: overview_table.pdf Graphic file (type pdf)

<use overview_table.pdf, page 2>
Package pdftex.def Info: overview_table.pdf, page2 used on input line 133.
(pdftex.def)             Requested size: 597.25711pt x 845.19412pt.
File: overview_table.pdf Graphic file (type pdf)
 <use overview_table.pdf, page 2>
Package pdftex.def Info: overview_table.pdf, page2 used on input line 133.
(pdftex.def)             Requested size: 597.25711pt x 845.19412pt.
File: overview_table.pdf Graphic file (type pdf)

<use overview_table.pdf, page 2>
Package pdftex.def Info: overview_table.pdf, page2 used on input line 133.
(pdftex.def)             Requested size: 597.25711pt x 845.19412pt.
 [87.87.0.0.13.8.0.0.0.1 <./overview_table.pdf>] 
AED: lastpage setting LastPage
(./report.aux) ) 
Here is how much of TeX's memory you used:
 11398 strings out of 493013
 167350 string characters out of 6135682
 264486 words of memory out of 5000000
 14493 multiletter control sequences out of 15000+600000
 24651 words of font info for 45 fonts, out of 8000000 for 9000
 1141 hyphenation exceptions out of 8191
 52i,18n,46p,2131b,839s stack positions out of 5000i,500n,10000p,200000b,80000s
{/usr/share/texmf/fonts/enc/dvips/scalable-cyrfonts-tex/6r.enc}
</usr/share/texlive/texmf-dist/fonts/type1/public/amsfonts/cm/cmmi10.pfb></usr/
share/texlive/texmf-dist/fonts/type1/public/amsfonts/cm/cmmi12.pfb></usr/share/
texlive/texmf-dist/fonts/type1/public/amsfonts/cm/cmr10.pfb></usr/share/texlive
/texmf-dist/fonts/type1/public/amsfonts/cm/cmr12.pfb></usr/share/texlive/texmf-
dist/fonts/type1/public/amsfonts/cm/cmsy10.pfb></usr/share/texmf/fonts/type1/pu
blic/scalable-cyrfonts-tex/ftmr6w.pfb></usr/share/texmf/fonts/type1/public/scal
able-cyrfonts-tex/ftmr6w.pfb></usr/share/texmf/fonts/type1/public/scalable-cyrf
onts-tex/ftmri6w.pfb>
Output written on report.pdf (87 pages, 1729942 bytes).
PDF statistics:
 703 PDF objects out of 1000 (max. 8388607)
 462 compressed objects within 5 object streams
 87 named destinations out of 1000 (max. 500000)
 311 words of extra memory for PDF output out of 10000 (max. 10000000)

